<?xml version="1.0" encoding="UTF-8"?>
<!-- Generated by org.testng.reporters.JUnitXMLReporter -->
<testsuite hostname="BLT060" ignored="0" name="Test" tests="3" failures="2" timestamp="05 Mar 2020 09:12:30 GMT" time="78.565" errors="0">
  <testcase name="@AfterClass close" time="0.013" classname="Com.TestCases.ProductTestCase">
    <failure type="java.lang.StackOverflowError">
      <![CDATA[java.lang.StackOverflowError
at Com.TestCases.ProductTestCase.close(ProductTestCase.java:26)
at Com.TestCases.ProductTestCase.close(ProductTestCase.java:26)
at Com.TestCases.ProductTestCase.close(ProductTestCase.java:26)
at Com.TestCases.ProductTestCase.close(ProductTestCase.java:26)
at Com.TestCases.ProductTestCase.close(ProductTestCase.java:26)
at Com.TestCases.ProductTestCase.close(ProductTestCase.java:26)
at Com.TestCases.ProductTestCase.close(ProductTestCase.java:26)
at Com.TestCases.ProductTestCase.close(ProductTestCase.java:26)
at Com.TestCases.ProductTestCase.close(ProductTestCase.java:26)
at Com.TestCases.ProductTestCase.close(ProductTestCase.java:26)
at Com.TestCases.ProductTestCase.close(ProductTestCase.java:26)
at Com.TestCases.ProductTestCase.close(ProductTestCase.java:26)
at Com.TestCases.ProductTestCase.close(ProductTestCase.java:26)
at Com.TestCases.ProductTestCase.close(ProductTestCase.java:26)
at Com.TestCases.ProductTestCase.close(ProductTestCase.java:26)
at Com.TestCases.ProductTestCase.close(ProductTestCase.java:26)
at Com.TestCases.ProductTestCase.close(ProductTestCase.java:26)
at Com.TestCases.ProductTestCase.close(ProductTestCase.java:26)
at Com.TestCases.ProductTestCase.close(ProductTestCase.java:26)
at Com.TestCases.ProductTestCase.close(ProductTestCase.java:26)
at Com.TestCases.ProductTestCase.close(ProductTestCase.java:26)
at Com.TestCases.ProductTestCase.close(ProductTestCase.java:26)
at Com.TestCases.ProductTestCase.close(ProductTestCase.java:26)
at Com.TestCases.ProductTestCase.close(ProductTestCase.java:26)
at Com.TestCases.ProductTestCase.close(ProductTestCase.java:26)
at Com.TestCases.ProductTestCase.close(ProductTestCase.java:26)
at Com.TestCases.ProductTestCase.close(ProductTestCase.java:26)
at Com.TestCases.ProductTestCase.close(ProductTestCase.java:26)
at Com.TestCases.ProductTestCase.close(ProductTestCase.java:26)
at Com.TestCases.ProductTestCase.close(ProductTestCase.java:26)
at Com.TestCases.ProductTestCase.close(ProductTestCase.java:26)
at Com.TestCases.ProductTestCase.close(ProductTestCase.java:26)
at Com.TestCases.ProductTestCase.close(ProductTestCase.java:26)
at Com.TestCases.ProductTestCase.close(ProductTestCase.java:26)
at Com.TestCases.ProductTestCase.close(ProductTestCase.java:26)
at Com.TestCases.ProductTestCase.close(ProductTestCase.java:26)
at Com.TestCases.ProductTestCase.close(ProductTestCase.java:26)
at Com.TestCases.ProductTestCase.close(ProductTestCase.java:26)
at Com.TestCases.ProductTestCase.close(ProductTestCase.java:26)
at Com.TestCases.ProductTestCase.close(ProductTestCase.java:26)
at Com.TestCases.ProductTestCase.close(ProductTestCase.java:26)
at Com.TestCases.ProductTestCase.close(ProductTestCase.java:26)
at Com.TestCases.ProductTestCase.close(ProductTestCase.java:26)
at Com.TestCases.ProductTestCase.close(ProductTestCase.java:26)
at Com.TestCases.ProductTestCase.close(ProductTestCase.java:26)
at Com.TestCases.ProductTestCase.close(ProductTestCase.java:26)
at Com.TestCases.ProductTestCase.close(ProductTestCase.java:26)
at Com.TestCases.ProductTestCase.close(ProductTestCase.java:26)
at Com.TestCases.ProductTestCase.close(ProductTestCase.java:26)
at Com.TestCases.ProductTestCase.close(ProductTestCase.java:26)
at Com.TestCases.ProductTestCase.close(ProductTestCase.java:26)
at Com.TestCases.ProductTestCase.close(ProductTestCase.java:26)
at Com.TestCases.ProductTestCase.close(ProductTestCase.java:26)
at Com.TestCases.ProductTestCase.close(ProductTestCase.java:26)
at Com.TestCases.ProductTestCase.close(ProductTestCase.java:26)
at Com.TestCases.ProductTestCase.close(ProductTestCase.java:26)
at Com.TestCases.ProductTestCase.close(ProductTestCase.java:26)
at Com.TestCases.ProductTestCase.close(ProductTestCase.java:26)
at Com.TestCases.ProductTestCase.close(ProductTestCase.java:26)
at Com.TestCases.ProductTestCase.close(ProductTestCase.java:26)
at Com.TestCases.ProductTestCase.close(ProductTestCase.java:26)
at Com.TestCases.ProductTestCase.close(ProductTestCase.java:26)
at Com.TestCases.ProductTestCase.close(ProductTestCase.java:26)
at Com.TestCases.ProductTestCase.close(ProductTestCase.java:26)
at Com.TestCases.ProductTestCase.close(ProductTestCase.java:26)
at Com.TestCases.ProductTestCase.close(ProductTestCase.java:26)
at Com.TestCases.ProductTestCase.close(ProductTestCase.java:26)
at Com.TestCases.ProductTestCase.close(ProductTestCase.java:26)
at Com.TestCases.ProductTestCase.close(ProductTestCase.java:26)
at Com.TestCases.ProductTestCase.close(ProductTestCase.java:26)
at Com.TestCases.ProductTestCase.close(ProductTestCase.java:26)
at Com.TestCases.ProductTestCase.close(ProductTestCase.java:26)
at Com.TestCases.ProductTestCase.close(ProductTestCase.java:26)
at Com.TestCases.ProductTestCase.close(ProductTestCase.java:26)
at Com.TestCases.ProductTestCase.close(ProductTestCase.java:26)
at Com.TestCases.ProductTestCase.close(ProductTestCase.java:26)
at Com.TestCases.ProductTestCase.close(ProductTestCase.java:26)
at Com.TestCases.ProductTestCase.close(ProductTestCase.java:26)
at Com.TestCases.ProductTestCase.close(ProductTestCase.java:26)
at Com.TestCases.ProductTestCase.close(ProductTestCase.java:26)
at Com.TestCases.ProductTestCase.close(ProductTestCase.java:26)
at Com.TestCases.ProductTestCase.close(ProductTestCase.java:26)
at Com.TestCases.ProductTestCase.close(ProductTestCase.java:26)
at Com.TestCases.ProductTestCase.close(ProductTestCase.java:26)
at Com.TestCases.ProductTestCase.close(ProductTestCase.java:26)
at Com.TestCases.ProductTestCase.close(ProductTestCase.java:26)
at Com.TestCases.ProductTestCase.close(ProductTestCase.java:26)
at Com.TestCases.ProductTestCase.close(ProductTestCase.java:26)
at Com.TestCases.ProductTestCase.close(ProductTestCase.java:26)
at Com.TestCases.ProductTestCase.close(ProductTestCase.java:26)
at Com.TestCases.ProductTestCase.close(ProductTestCase.java:26)
at Com.TestCases.ProductTestCase.close(ProductTestCase.java:26)
at Com.TestCases.ProductTestCase.close(ProductTestCase.java:26)
at Com.TestCases.ProductTestCase.close(ProductTestCase.java:26)
at Com.TestCases.ProductTestCase.close(ProductTestCase.java:26)
at Com.TestCases.ProductTestCase.close(ProductTestCase.java:26)
at Com.TestCases.ProductTestCase.close(ProductTestCase.java:26)
at Com.TestCases.ProductTestCase.close(ProductTestCase.java:26)
at Com.TestCases.ProductTestCase.close(ProductTestCase.java:26)
at Com.TestCases.ProductTestCase.close(ProductTestCase.java:26)
at Com.TestCases.ProductTestCase.close(ProductTestCase.java:26)
at Com.TestCases.ProductTestCase.close(ProductTestCase.java:26)
at Com.TestCases.ProductTestCase.close(ProductTestCase.java:26)
at Com.TestCases.ProductTestCase.close(ProductTestCase.java:26)
at Com.TestCases.ProductTestCase.close(ProductTestCase.java:26)
at Com.TestCases.ProductTestCase.close(ProductTestCase.java:26)
at Com.TestCases.ProductTestCase.close(ProductTestCase.java:26)
at Com.TestCases.ProductTestCase.close(ProductTestCase.java:26)
at Com.TestCases.ProductTestCase.close(ProductTestCase.java:26)
at Com.TestCases.ProductTestCase.close(ProductTestCase.java:26)
at Com.TestCases.ProductTestCase.close(ProductTestCase.java:26)
at Com.TestCases.ProductTestCase.close(ProductTestCase.java:26)
at Com.TestCases.ProductTestCase.close(ProductTestCase.java:26)
at Com.TestCases.ProductTestCase.close(ProductTestCase.java:26)
at Com.TestCases.ProductTestCase.close(ProductTestCase.java:26)
at Com.TestCases.ProductTestCase.close(ProductTestCase.java:26)
at Com.TestCases.ProductTestCase.close(ProductTestCase.java:26)
at Com.TestCases.ProductTestCase.close(ProductTestCase.java:26)
at Com.TestCases.ProductTestCase.close(ProductTestCase.java:26)
at Com.TestCases.ProductTestCase.close(ProductTestCase.java:26)
at Com.TestCases.ProductTestCase.close(ProductTestCase.java:26)
at Com.TestCases.ProductTestCase.close(ProductTestCase.java:26)
at Com.TestCases.ProductTestCase.close(ProductTestCase.java:26)
at Com.TestCases.ProductTestCase.close(ProductTestCase.java:26)
at Com.TestCases.ProductTestCase.close(ProductTestCase.java:26)
at Com.TestCases.ProductTestCase.close(ProductTestCase.java:26)
at Com.TestCases.ProductTestCase.close(ProductTestCase.java:26)
at Com.TestCases.ProductTestCase.close(ProductTestCase.java:26)
at Com.TestCases.ProductTestCase.close(ProductTestCase.java:26)
at Com.TestCases.ProductTestCase.close(ProductTestCase.java:26)
at Com.TestCases.ProductTestCase.close(ProductTestCase.java:26)
at Com.TestCases.ProductTestCase.close(ProductTestCase.java:26)
at Com.TestCases.ProductTestCase.close(ProductTestCase.java:26)
at Com.TestCases.ProductTestCase.close(ProductTestCase.java:26)
at Com.TestCases.ProductTestCase.close(ProductTestCase.java:26)
at Com.TestCases.ProductTestCase.close(ProductTestCase.java:26)
at Com.TestCases.ProductTestCase.close(ProductTestCase.java:26)
at Com.TestCases.ProductTestCase.close(ProductTestCase.java:26)
at Com.TestCases.ProductTestCase.close(ProductTestCase.java:26)
at Com.TestCases.ProductTestCase.close(ProductTestCase.java:26)
at Com.TestCases.ProductTestCase.close(ProductTestCase.java:26)
at Com.TestCases.ProductTestCase.close(ProductTestCase.java:26)
at Com.TestCases.ProductTestCase.close(ProductTestCase.java:26)
at Com.TestCases.ProductTestCase.close(ProductTestCase.java:26)
at Com.TestCases.ProductTestCase.close(ProductTestCase.java:26)
at Com.TestCases.ProductTestCase.close(ProductTestCase.java:26)
at Com.TestCases.ProductTestCase.close(ProductTestCase.java:26)
at Com.TestCases.ProductTestCase.close(ProductTestCase.java:26)
at Com.TestCases.ProductTestCase.close(ProductTestCase.java:26)
at Com.TestCases.ProductTestCase.close(ProductTestCase.java:26)
at Com.TestCases.ProductTestCase.close(ProductTestCase.java:26)
at Com.TestCases.ProductTestCase.close(ProductTestCase.java:26)
at Com.TestCases.ProductTestCase.close(ProductTestCase.java:26)
at Com.TestCases.ProductTestCase.close(ProductTestCase.java:26)
at Com.TestCases.ProductTestCase.close(ProductTestCase.java:26)
at Com.TestCases.ProductTestCase.close(ProductTestCase.java:26)
at Com.TestCases.ProductTestCase.close(ProductTestCase.java:26)
at Com.TestCases.ProductTestCase.close(ProductTestCase.java:26)
at Com.TestCases.ProductTestCase.close(ProductTestCase.java:26)
at Com.TestCases.ProductTestCase.close(ProductTestCase.java:26)
at Com.TestCases.ProductTestCase.close(ProductTestCase.java:26)
at Com.TestCases.ProductTestCase.close(ProductTestCase.java:26)
at Com.TestCases.ProductTestCase.close(ProductTestCase.java:26)
at Com.TestCases.ProductTestCase.close(ProductTestCase.java:26)
at Com.TestCases.ProductTestCase.close(ProductTestCase.java:26)
at Com.TestCases.ProductTestCase.close(ProductTestCase.java:26)
at Com.TestCases.ProductTestCase.close(ProductTestCase.java:26)
at Com.TestCases.ProductTestCase.close(ProductTestCase.java:26)
at Com.TestCases.ProductTestCase.close(ProductTestCase.java:26)
at Com.TestCases.ProductTestCase.close(ProductTestCase.java:26)
at Com.TestCases.ProductTestCase.close(ProductTestCase.java:26)
at Com.TestCases.ProductTestCase.close(ProductTestCase.java:26)
at Com.TestCases.ProductTestCase.close(ProductTestCase.java:26)
at Com.TestCases.ProductTestCase.close(ProductTestCase.java:26)
at Com.TestCases.ProductTestCase.close(ProductTestCase.java:26)
at Com.TestCases.ProductTestCase.close(ProductTestCase.java:26)
at Com.TestCases.ProductTestCase.close(ProductTestCase.java:26)
at Com.TestCases.ProductTestCase.close(ProductTestCase.java:26)
at Com.TestCases.ProductTestCase.close(ProductTestCase.java:26)
at Com.TestCases.ProductTestCase.close(ProductTestCase.java:26)
at Com.TestCases.ProductTestCase.close(ProductTestCase.java:26)
at Com.TestCases.ProductTestCase.close(ProductTestCase.java:26)
at Com.TestCases.ProductTestCase.close(ProductTestCase.java:26)
at Com.TestCases.ProductTestCase.close(ProductTestCase.java:26)
at Com.TestCases.ProductTestCase.close(ProductTestCase.java:26)
at Com.TestCases.ProductTestCase.close(ProductTestCase.java:26)
at Com.TestCases.ProductTestCase.close(ProductTestCase.java:26)
at Com.TestCases.ProductTestCase.close(ProductTestCase.java:26)
at Com.TestCases.ProductTestCase.close(ProductTestCase.java:26)
at Com.TestCases.ProductTestCase.close(ProductTestCase.java:26)
at Com.TestCases.ProductTestCase.close(ProductTestCase.java:26)
at Com.TestCases.ProductTestCase.close(ProductTestCase.java:26)
at Com.TestCases.ProductTestCase.close(ProductTestCase.java:26)
at Com.TestCases.ProductTestCase.close(ProductTestCase.java:26)
at Com.TestCases.ProductTestCase.close(ProductTestCase.java:26)
at Com.TestCases.ProductTestCase.close(ProductTestCase.java:26)
at Com.TestCases.ProductTestCase.close(ProductTestCase.java:26)
at Com.TestCases.ProductTestCase.close(ProductTestCase.java:26)
at Com.TestCases.ProductTestCase.close(ProductTestCase.java:26)
at Com.TestCases.ProductTestCase.close(ProductTestCase.java:26)
at Com.TestCases.ProductTestCase.close(ProductTestCase.java:26)
at Com.TestCases.ProductTestCase.close(ProductTestCase.java:26)
at Com.TestCases.ProductTestCase.close(ProductTestCase.java:26)
at Com.TestCases.ProductTestCase.close(ProductTestCase.java:26)
at Com.TestCases.ProductTestCase.close(ProductTestCase.java:26)
at Com.TestCases.ProductTestCase.close(ProductTestCase.java:26)
at Com.TestCases.ProductTestCase.close(ProductTestCase.java:26)
at Com.TestCases.ProductTestCase.close(ProductTestCase.java:26)
at Com.TestCases.ProductTestCase.close(ProductTestCase.java:26)
at Com.TestCases.ProductTestCase.close(ProductTestCase.java:26)
at Com.TestCases.ProductTestCase.close(ProductTestCase.java:26)
at Com.TestCases.ProductTestCase.close(ProductTestCase.java:26)
at Com.TestCases.ProductTestCase.close(ProductTestCase.java:26)
at Com.TestCases.ProductTestCase.close(ProductTestCase.java:26)
at Com.TestCases.ProductTestCase.close(ProductTestCase.java:26)
at Com.TestCases.ProductTestCase.close(ProductTestCase.java:26)
at Com.TestCases.ProductTestCase.close(ProductTestCase.java:26)
at Com.TestCases.ProductTestCase.close(ProductTestCase.java:26)
at Com.TestCases.ProductTestCase.close(ProductTestCase.java:26)
at Com.TestCases.ProductTestCase.close(ProductTestCase.java:26)
at Com.TestCases.ProductTestCase.close(ProductTestCase.java:26)
at Com.TestCases.ProductTestCase.close(ProductTestCase.java:26)
at Com.TestCases.ProductTestCase.close(ProductTestCase.java:26)
at Com.TestCases.ProductTestCase.close(ProductTestCase.java:26)
at Com.TestCases.ProductTestCase.close(ProductTestCase.java:26)
at Com.TestCases.ProductTestCase.close(ProductTestCase.java:26)
at Com.TestCases.ProductTestCase.close(ProductTestCase.java:26)
at Com.TestCases.ProductTestCase.close(ProductTestCase.java:26)
at Com.TestCases.ProductTestCase.close(ProductTestCase.java:26)
at Com.TestCases.ProductTestCase.close(ProductTestCase.java:26)
at Com.TestCases.ProductTestCase.close(ProductTestCase.java:26)
at Com.TestCases.ProductTestCase.close(ProductTestCase.java:26)
at Com.TestCases.ProductTestCase.close(ProductTestCase.java:26)
at Com.TestCases.ProductTestCase.close(ProductTestCase.java:26)
at Com.TestCases.ProductTestCase.close(ProductTestCase.java:26)
at Com.TestCases.ProductTestCase.close(ProductTestCase.java:26)
at Com.TestCases.ProductTestCase.close(ProductTestCase.java:26)
at Com.TestCases.ProductTestCase.close(ProductTestCase.java:26)
at Com.TestCases.ProductTestCase.close(ProductTestCase.java:26)
at Com.TestCases.ProductTestCase.close(ProductTestCase.java:26)
at Com.TestCases.ProductTestCase.close(ProductTestCase.java:26)
at Com.TestCases.ProductTestCase.close(ProductTestCase.java:26)
at Com.TestCases.ProductTestCase.close(ProductTestCase.java:26)
at Com.TestCases.ProductTestCase.close(ProductTestCase.java:26)
at Com.TestCases.ProductTestCase.close(ProductTestCase.java:26)
at Com.TestCases.ProductTestCase.close(ProductTestCase.java:26)
at Com.TestCases.ProductTestCase.close(ProductTestCase.java:26)
at Com.TestCases.ProductTestCase.close(ProductTestCase.java:26)
at Com.TestCases.ProductTestCase.close(ProductTestCase.java:26)
at Com.TestCases.ProductTestCase.close(ProductTestCase.java:26)
at Com.TestCases.ProductTestCase.close(ProductTestCase.java:26)
at Com.TestCases.ProductTestCase.close(ProductTestCase.java:26)
at Com.TestCases.ProductTestCase.close(ProductTestCase.java:26)
at Com.TestCases.ProductTestCase.close(ProductTestCase.java:26)
at Com.TestCases.ProductTestCase.close(ProductTestCase.java:26)
at Com.TestCases.ProductTestCase.close(ProductTestCase.java:26)
at Com.TestCases.ProductTestCase.close(ProductTestCase.java:26)
at Com.TestCases.ProductTestCase.close(ProductTestCase.java:26)
at Com.TestCases.ProductTestCase.close(ProductTestCase.java:26)
at Com.TestCases.ProductTestCase.close(ProductTestCase.java:26)
at Com.TestCases.ProductTestCase.close(ProductTestCase.java:26)
at Com.TestCases.ProductTestCase.close(ProductTestCase.java:26)
at Com.TestCases.ProductTestCase.close(ProductTestCase.java:26)
at Com.TestCases.ProductTestCase.close(ProductTestCase.java:26)
at Com.TestCases.ProductTestCase.close(ProductTestCase.java:26)
at Com.TestCases.ProductTestCase.close(ProductTestCase.java:26)
at Com.TestCases.ProductTestCase.close(ProductTestCase.java:26)
at Com.TestCases.ProductTestCase.close(ProductTestCase.java:26)
at Com.TestCases.ProductTestCase.close(ProductTestCase.java:26)
at Com.TestCases.ProductTestCase.close(ProductTestCase.java:26)
at Com.TestCases.ProductTestCase.close(ProductTestCase.java:26)
at Com.TestCases.ProductTestCase.close(ProductTestCase.java:26)
at Com.TestCases.ProductTestCase.close(ProductTestCase.java:26)
at Com.TestCases.ProductTestCase.close(ProductTestCase.java:26)
at Com.TestCases.ProductTestCase.close(ProductTestCase.java:26)
at Com.TestCases.ProductTestCase.close(ProductTestCase.java:26)
at Com.TestCases.ProductTestCase.close(ProductTestCase.java:26)
at Com.TestCases.ProductTestCase.close(ProductTestCase.java:26)
at Com.TestCases.ProductTestCase.close(ProductTestCase.java:26)
at Com.TestCases.ProductTestCase.close(ProductTestCase.java:26)
at Com.TestCases.ProductTestCase.close(ProductTestCase.java:26)
at Com.TestCases.ProductTestCase.close(ProductTestCase.java:26)
at Com.TestCases.ProductTestCase.close(ProductTestCase.java:26)
at Com.TestCases.ProductTestCase.close(ProductTestCase.java:26)
at Com.TestCases.ProductTestCase.close(ProductTestCase.java:26)
at Com.TestCases.ProductTestCase.close(ProductTestCase.java:26)
at Com.TestCases.ProductTestCase.close(ProductTestCase.java:26)
at Com.TestCases.ProductTestCase.close(ProductTestCase.java:26)
at Com.TestCases.ProductTestCase.close(ProductTestCase.java:26)
at Com.TestCases.ProductTestCase.close(ProductTestCase.java:26)
at Com.TestCases.ProductTestCase.close(ProductTestCase.java:26)
at Com.TestCases.ProductTestCase.close(ProductTestCase.java:26)
at Com.TestCases.ProductTestCase.close(ProductTestCase.java:26)
at Com.TestCases.ProductTestCase.close(ProductTestCase.java:26)
at Com.TestCases.ProductTestCase.close(ProductTestCase.java:26)
at Com.TestCases.ProductTestCase.close(ProductTestCase.java:26)
at Com.TestCases.ProductTestCase.close(ProductTestCase.java:26)
at Com.TestCases.ProductTestCase.close(ProductTestCase.java:26)
at Com.TestCases.ProductTestCase.close(ProductTestCase.java:26)
at Com.TestCases.ProductTestCase.close(ProductTestCase.java:26)
at Com.TestCases.ProductTestCase.close(ProductTestCase.java:26)
at Com.TestCases.ProductTestCase.close(ProductTestCase.java:26)
at Com.TestCases.ProductTestCase.close(ProductTestCase.java:26)
at Com.TestCases.ProductTestCase.close(ProductTestCase.java:26)
at Com.TestCases.ProductTestCase.close(ProductTestCase.java:26)
at Com.TestCases.ProductTestCase.close(ProductTestCase.java:26)
at Com.TestCases.ProductTestCase.close(ProductTestCase.java:26)
at Com.TestCases.ProductTestCase.close(ProductTestCase.java:26)
at Com.TestCases.ProductTestCase.close(ProductTestCase.java:26)
at Com.TestCases.ProductTestCase.close(ProductTestCase.java:26)
at Com.TestCases.ProductTestCase.close(ProductTestCase.java:26)
at Com.TestCases.ProductTestCase.close(ProductTestCase.java:26)
at Com.TestCases.ProductTestCase.close(ProductTestCase.java:26)
at Com.TestCases.ProductTestCase.close(ProductTestCase.java:26)
at Com.TestCases.ProductTestCase.close(ProductTestCase.java:26)
at Com.TestCases.ProductTestCase.close(ProductTestCase.java:26)
at Com.TestCases.ProductTestCase.close(ProductTestCase.java:26)
at Com.TestCases.ProductTestCase.close(ProductTestCase.java:26)
at Com.TestCases.ProductTestCase.close(ProductTestCase.java:26)
at Com.TestCases.ProductTestCase.close(ProductTestCase.java:26)
at Com.TestCases.ProductTestCase.close(ProductTestCase.java:26)
at Com.TestCases.ProductTestCase.close(ProductTestCase.java:26)
at Com.TestCases.ProductTestCase.close(ProductTestCase.java:26)
at Com.TestCases.ProductTestCase.close(ProductTestCase.java:26)
at Com.TestCases.ProductTestCase.close(ProductTestCase.java:26)
at Com.TestCases.ProductTestCase.close(ProductTestCase.java:26)
at Com.TestCases.ProductTestCase.close(ProductTestCase.java:26)
at Com.TestCases.ProductTestCase.close(ProductTestCase.java:26)
at Com.TestCases.ProductTestCase.close(ProductTestCase.java:26)
at Com.TestCases.ProductTestCase.close(ProductTestCase.java:26)
at Com.TestCases.ProductTestCase.close(ProductTestCase.java:26)
at Com.TestCases.ProductTestCase.close(ProductTestCase.java:26)
at Com.TestCases.ProductTestCase.close(ProductTestCase.java:26)
at Com.TestCases.ProductTestCase.close(ProductTestCase.java:26)
at Com.TestCases.ProductTestCase.close(ProductTestCase.java:26)
at Com.TestCases.ProductTestCase.close(ProductTestCase.java:26)
at Com.TestCases.ProductTestCase.close(ProductTestCase.java:26)
at Com.TestCases.ProductTestCase.close(ProductTestCase.java:26)
at Com.TestCases.ProductTestCase.close(ProductTestCase.java:26)
at Com.TestCases.ProductTestCase.close(ProductTestCase.java:26)
at Com.TestCases.ProductTestCase.close(ProductTestCase.java:26)
at Com.TestCases.ProductTestCase.close(ProductTestCase.java:26)
at Com.TestCases.ProductTestCase.close(ProductTestCase.java:26)
at Com.TestCases.ProductTestCase.close(ProductTestCase.java:26)
at Com.TestCases.ProductTestCase.close(ProductTestCase.java:26)
at Com.TestCases.ProductTestCase.close(ProductTestCase.java:26)
at Com.TestCases.ProductTestCase.close(ProductTestCase.java:26)
at Com.TestCases.ProductTestCase.close(ProductTestCase.java:26)
at Com.TestCases.ProductTestCase.close(ProductTestCase.java:26)
at Com.TestCases.ProductTestCase.close(ProductTestCase.java:26)
at Com.TestCases.ProductTestCase.close(ProductTestCase.java:26)
at Com.TestCases.ProductTestCase.close(ProductTestCase.java:26)
at Com.TestCases.ProductTestCase.close(ProductTestCase.java:26)
at Com.TestCases.ProductTestCase.close(ProductTestCase.java:26)
at Com.TestCases.ProductTestCase.close(ProductTestCase.java:26)
at Com.TestCases.ProductTestCase.close(ProductTestCase.java:26)
at Com.TestCases.ProductTestCase.close(ProductTestCase.java:26)
at Com.TestCases.ProductTestCase.close(ProductTestCase.java:26)
at Com.TestCases.ProductTestCase.close(ProductTestCase.java:26)
at Com.TestCases.ProductTestCase.close(ProductTestCase.java:26)
at Com.TestCases.ProductTestCase.close(ProductTestCase.java:26)
at Com.TestCases.ProductTestCase.close(ProductTestCase.java:26)
at Com.TestCases.ProductTestCase.close(ProductTestCase.java:26)
at Com.TestCases.ProductTestCase.close(ProductTestCase.java:26)
at Com.TestCases.ProductTestCase.close(ProductTestCase.java:26)
at Com.TestCases.ProductTestCase.close(ProductTestCase.java:26)
at Com.TestCases.ProductTestCase.close(ProductTestCase.java:26)
at Com.TestCases.ProductTestCase.close(ProductTestCase.java:26)
at Com.TestCases.ProductTestCase.close(ProductTestCase.java:26)
at Com.TestCases.ProductTestCase.close(ProductTestCase.java:26)
at Com.TestCases.ProductTestCase.close(ProductTestCase.java:26)
at Com.TestCases.ProductTestCase.close(ProductTestCase.java:26)
at Com.TestCases.ProductTestCase.close(ProductTestCase.java:26)
at Com.TestCases.ProductTestCase.close(ProductTestCase.java:26)
at Com.TestCases.ProductTestCase.close(ProductTestCase.java:26)
at Com.TestCases.ProductTestCase.close(ProductTestCase.java:26)
at Com.TestCases.ProductTestCase.close(ProductTestCase.java:26)
at Com.TestCases.ProductTestCase.close(ProductTestCase.java:26)
at Com.TestCases.ProductTestCase.close(ProductTestCase.java:26)
at Com.TestCases.ProductTestCase.close(ProductTestCase.java:26)
at Com.TestCases.ProductTestCase.close(ProductTestCase.java:26)
at Com.TestCases.ProductTestCase.close(ProductTestCase.java:26)
at Com.TestCases.ProductTestCase.close(ProductTestCase.java:26)
at Com.TestCases.ProductTestCase.close(ProductTestCase.java:26)
at Com.TestCases.ProductTestCase.close(ProductTestCase.java:26)
at Com.TestCases.ProductTestCase.close(ProductTestCase.java:26)
at Com.TestCases.ProductTestCase.close(ProductTestCase.java:26)
at Com.TestCases.ProductTestCase.close(ProductTestCase.java:26)
at Com.TestCases.ProductTestCase.close(ProductTestCase.java:26)
at Com.TestCases.ProductTestCase.close(ProductTestCase.java:26)
at Com.TestCases.ProductTestCase.close(ProductTestCase.java:26)
at Com.TestCases.ProductTestCase.close(ProductTestCase.java:26)
at Com.TestCases.ProductTestCase.close(ProductTestCase.java:26)
at Com.TestCases.ProductTestCase.close(ProductTestCase.java:26)
at Com.TestCases.ProductTestCase.close(ProductTestCase.java:26)
at Com.TestCases.ProductTestCase.close(ProductTestCase.java:26)
at Com.TestCases.ProductTestCase.close(ProductTestCase.java:26)
at Com.TestCases.ProductTestCase.close(ProductTestCase.java:26)
at Com.TestCases.ProductTestCase.close(ProductTestCase.java:26)
at Com.TestCases.ProductTestCase.close(ProductTestCase.java:26)
at Com.TestCases.ProductTestCase.close(ProductTestCase.java:26)
at Com.TestCases.ProductTestCase.close(ProductTestCase.java:26)
at Com.TestCases.ProductTestCase.close(ProductTestCase.java:26)
at Com.TestCases.ProductTestCase.close(ProductTestCase.java:26)
at Com.TestCases.ProductTestCase.close(ProductTestCase.java:26)
at Com.TestCases.ProductTestCase.close(ProductTestCase.java:26)
at Com.TestCases.ProductTestCase.close(ProductTestCase.java:26)
at Com.TestCases.ProductTestCase.close(ProductTestCase.java:26)
at Com.TestCases.ProductTestCase.close(ProductTestCase.java:26)
at Com.TestCases.ProductTestCase.close(ProductTestCase.java:26)
at Com.TestCases.ProductTestCase.close(ProductTestCase.java:26)
at Com.TestCases.ProductTestCase.close(ProductTestCase.java:26)
at Com.TestCases.ProductTestCase.close(ProductTestCase.java:26)
at Com.TestCases.ProductTestCase.close(ProductTestCase.java:26)
at Com.TestCases.ProductTestCase.close(ProductTestCase.java:26)
at Com.TestCases.ProductTestCase.close(ProductTestCase.java:26)
at Com.TestCases.ProductTestCase.close(ProductTestCase.java:26)
at Com.TestCases.ProductTestCase.close(ProductTestCase.java:26)
at Com.TestCases.ProductTestCase.close(ProductTestCase.java:26)
at Com.TestCases.ProductTestCase.close(ProductTestCase.java:26)
at Com.TestCases.ProductTestCase.close(ProductTestCase.java:26)
at Com.TestCases.ProductTestCase.close(ProductTestCase.java:26)
at Com.TestCases.ProductTestCase.close(ProductTestCase.java:26)
at Com.TestCases.ProductTestCase.close(ProductTestCase.java:26)
at Com.TestCases.ProductTestCase.close(ProductTestCase.java:26)
at Com.TestCases.ProductTestCase.close(ProductTestCase.java:26)
at Com.TestCases.ProductTestCase.close(ProductTestCase.java:26)
at Com.TestCases.ProductTestCase.close(ProductTestCase.java:26)
at Com.TestCases.ProductTestCase.close(ProductTestCase.java:26)
at Com.TestCases.ProductTestCase.close(ProductTestCase.java:26)
at Com.TestCases.ProductTestCase.close(ProductTestCase.java:26)
at Com.TestCases.ProductTestCase.close(ProductTestCase.java:26)
at Com.TestCases.ProductTestCase.close(ProductTestCase.java:26)
at Com.TestCases.ProductTestCase.close(ProductTestCase.java:26)
at Com.TestCases.ProductTestCase.close(ProductTestCase.java:26)
at Com.TestCases.ProductTestCase.close(ProductTestCase.java:26)
at Com.TestCases.ProductTestCase.close(ProductTestCase.java:26)
at Com.TestCases.ProductTestCase.close(ProductTestCase.java:26)
at Com.TestCases.ProductTestCase.close(ProductTestCase.java:26)
at Com.TestCases.ProductTestCase.close(ProductTestCase.java:26)
at Com.TestCases.ProductTestCase.close(ProductTestCase.java:26)
at Com.TestCases.ProductTestCase.close(ProductTestCase.java:26)
at Com.TestCases.ProductTestCase.close(ProductTestCase.java:26)
at Com.TestCases.ProductTestCase.close(ProductTestCase.java:26)
at Com.TestCases.ProductTestCase.close(ProductTestCase.java:26)
at Com.TestCases.ProductTestCase.close(ProductTestCase.java:26)
at Com.TestCases.ProductTestCase.close(ProductTestCase.java:26)
at Com.TestCases.ProductTestCase.close(ProductTestCase.java:26)
at Com.TestCases.ProductTestCase.close(ProductTestCase.java:26)
at Com.TestCases.ProductTestCase.close(ProductTestCase.java:26)
at Com.TestCases.ProductTestCase.close(ProductTestCase.java:26)
at Com.TestCases.ProductTestCase.close(ProductTestCase.java:26)
at Com.TestCases.ProductTestCase.close(ProductTestCase.java:26)
at Com.TestCases.ProductTestCase.close(ProductTestCase.java:26)
at Com.TestCases.ProductTestCase.close(ProductTestCase.java:26)
at Com.TestCases.ProductTestCase.close(ProductTestCase.java:26)
at Com.TestCases.ProductTestCase.close(ProductTestCase.java:26)
at Com.TestCases.ProductTestCase.close(ProductTestCase.java:26)
at Com.TestCases.ProductTestCase.close(ProductTestCase.java:26)
at Com.TestCases.ProductTestCase.close(ProductTestCase.java:26)
at Com.TestCases.ProductTestCase.close(ProductTestCase.java:26)
at Com.TestCases.ProductTestCase.close(ProductTestCase.java:26)
at Com.TestCases.ProductTestCase.close(ProductTestCase.java:26)
at Com.TestCases.ProductTestCase.close(ProductTestCase.java:26)
at Com.TestCases.ProductTestCase.close(ProductTestCase.java:26)
at Com.TestCases.ProductTestCase.close(ProductTestCase.java:26)
at Com.TestCases.ProductTestCase.close(ProductTestCase.java:26)
at Com.TestCases.ProductTestCase.close(ProductTestCase.java:26)
at Com.TestCases.ProductTestCase.close(ProductTestCase.java:26)
at Com.TestCases.ProductTestCase.close(ProductTestCase.java:26)
at Com.TestCases.ProductTestCase.close(ProductTestCase.java:26)
at Com.TestCases.ProductTestCase.close(ProductTestCase.java:26)
at Com.TestCases.ProductTestCase.close(ProductTestCase.java:26)
at Com.TestCases.ProductTestCase.close(ProductTestCase.java:26)
at Com.TestCases.ProductTestCase.close(ProductTestCase.java:26)
at Com.TestCases.ProductTestCase.close(ProductTestCase.java:26)
at Com.TestCases.ProductTestCase.close(ProductTestCase.java:26)
at Com.TestCases.ProductTestCase.close(ProductTestCase.java:26)
at Com.TestCases.ProductTestCase.close(ProductTestCase.java:26)
at Com.TestCases.ProductTestCase.close(ProductTestCase.java:26)
at Com.TestCases.ProductTestCase.close(ProductTestCase.java:26)
at Com.TestCases.ProductTestCase.close(ProductTestCase.java:26)
at Com.TestCases.ProductTestCase.close(ProductTestCase.java:26)
at Com.TestCases.ProductTestCase.close(ProductTestCase.java:26)
at Com.TestCases.ProductTestCase.close(ProductTestCase.java:26)
at Com.TestCases.ProductTestCase.close(ProductTestCase.java:26)
at Com.TestCases.ProductTestCase.close(ProductTestCase.java:26)
at Com.TestCases.ProductTestCase.close(ProductTestCase.java:26)
at Com.TestCases.ProductTestCase.close(ProductTestCase.java:26)
at Com.TestCases.ProductTestCase.close(ProductTestCase.java:26)
at Com.TestCases.ProductTestCase.close(ProductTestCase.java:26)
at Com.TestCases.ProductTestCase.close(ProductTestCase.java:26)
at Com.TestCases.ProductTestCase.close(ProductTestCase.java:26)
at Com.TestCases.ProductTestCase.close(ProductTestCase.java:26)
at Com.TestCases.ProductTestCase.close(ProductTestCase.java:26)
at Com.TestCases.ProductTestCase.close(ProductTestCase.java:26)
at Com.TestCases.ProductTestCase.close(ProductTestCase.java:26)
at Com.TestCases.ProductTestCase.close(ProductTestCase.java:26)
at Com.TestCases.ProductTestCase.close(ProductTestCase.java:26)
at Com.TestCases.ProductTestCase.close(ProductTestCase.java:26)
at Com.TestCases.ProductTestCase.close(ProductTestCase.java:26)
at Com.TestCases.ProductTestCase.close(ProductTestCase.java:26)
at Com.TestCases.ProductTestCase.close(ProductTestCase.java:26)
at Com.TestCases.ProductTestCase.close(ProductTestCase.java:26)
at Com.TestCases.ProductTestCase.close(ProductTestCase.java:26)
at Com.TestCases.ProductTestCase.close(ProductTestCase.java:26)
at Com.TestCases.ProductTestCase.close(ProductTestCase.java:26)
at Com.TestCases.ProductTestCase.close(ProductTestCase.java:26)
at Com.TestCases.ProductTestCase.close(ProductTestCase.java:26)
at Com.TestCases.ProductTestCase.close(ProductTestCase.java:26)
at Com.TestCases.ProductTestCase.close(ProductTestCase.java:26)
at Com.TestCases.ProductTestCase.close(ProductTestCase.java:26)
at Com.TestCases.ProductTestCase.close(ProductTestCase.java:26)
at Com.TestCases.ProductTestCase.close(ProductTestCase.java:26)
at Com.TestCases.ProductTestCase.close(ProductTestCase.java:26)
at Com.TestCases.ProductTestCase.close(ProductTestCase.java:26)
at Com.TestCases.ProductTestCase.close(ProductTestCase.java:26)
at Com.TestCases.ProductTestCase.close(ProductTestCase.java:26)
at Com.TestCases.ProductTestCase.close(ProductTestCase.java:26)
at Com.TestCases.ProductTestCase.close(ProductTestCase.java:26)
at Com.TestCases.ProductTestCase.close(ProductTestCase.java:26)
at Com.TestCases.ProductTestCase.close(ProductTestCase.java:26)
at Com.TestCases.ProductTestCase.close(ProductTestCase.java:26)
at Com.TestCases.ProductTestCase.close(ProductTestCase.java:26)
at Com.TestCases.ProductTestCase.close(ProductTestCase.java:26)
at Com.TestCases.ProductTestCase.close(ProductTestCase.java:26)
at Com.TestCases.ProductTestCase.close(ProductTestCase.java:26)
at Com.TestCases.ProductTestCase.close(ProductTestCase.java:26)
at Com.TestCases.ProductTestCase.close(ProductTestCase.java:26)
at Com.TestCases.ProductTestCase.close(ProductTestCase.java:26)
at Com.TestCases.ProductTestCase.close(ProductTestCase.java:26)
at Com.TestCases.ProductTestCase.close(ProductTestCase.java:26)
at Com.TestCases.ProductTestCase.close(ProductTestCase.java:26)
at Com.TestCases.ProductTestCase.close(ProductTestCase.java:26)
at Com.TestCases.ProductTestCase.close(ProductTestCase.java:26)
at Com.TestCases.ProductTestCase.close(ProductTestCase.java:26)
at Com.TestCases.ProductTestCase.close(ProductTestCase.java:26)
at Com.TestCases.ProductTestCase.close(ProductTestCase.java:26)
at Com.TestCases.ProductTestCase.close(ProductTestCase.java:26)
at Com.TestCases.ProductTestCase.close(ProductTestCase.java:26)
at Com.TestCases.ProductTestCase.close(ProductTestCase.java:26)
at Com.TestCases.ProductTestCase.close(ProductTestCase.java:26)
at Com.TestCases.ProductTestCase.close(ProductTestCase.java:26)
at Com.TestCases.ProductTestCase.close(ProductTestCase.java:26)
at Com.TestCases.ProductTestCase.close(ProductTestCase.java:26)
at Com.TestCases.ProductTestCase.close(ProductTestCase.java:26)
at Com.TestCases.ProductTestCase.close(ProductTestCase.java:26)
at Com.TestCases.ProductTestCase.close(ProductTestCase.java:26)
at Com.TestCases.ProductTestCase.close(ProductTestCase.java:26)
at Com.TestCases.ProductTestCase.close(ProductTestCase.java:26)
at Com.TestCases.ProductTestCase.close(ProductTestCase.java:26)
at Com.TestCases.ProductTestCase.close(ProductTestCase.java:26)
at Com.TestCases.ProductTestCase.close(ProductTestCase.java:26)
at Com.TestCases.ProductTestCase.close(ProductTestCase.java:26)
at Com.TestCases.ProductTestCase.close(ProductTestCase.java:26)
at Com.TestCases.ProductTestCase.close(ProductTestCase.java:26)
at Com.TestCases.ProductTestCase.close(ProductTestCase.java:26)
at Com.TestCases.ProductTestCase.close(ProductTestCase.java:26)
at Com.TestCases.ProductTestCase.close(ProductTestCase.java:26)
at Com.TestCases.ProductTestCase.close(ProductTestCase.java:26)
at Com.TestCases.ProductTestCase.close(ProductTestCase.java:26)
at Com.TestCases.ProductTestCase.close(ProductTestCase.java:26)
at Com.TestCases.ProductTestCase.close(ProductTestCase.java:26)
at Com.TestCases.ProductTestCase.close(ProductTestCase.java:26)
at Com.TestCases.ProductTestCase.close(ProductTestCase.java:26)
at Com.TestCases.ProductTestCase.close(ProductTestCase.java:26)
at Com.TestCases.ProductTestCase.close(ProductTestCase.java:26)
at Com.TestCases.ProductTestCase.close(ProductTestCase.java:26)
at Com.TestCases.ProductTestCase.close(ProductTestCase.java:26)
at Com.TestCases.ProductTestCase.close(ProductTestCase.java:26)
at Com.TestCases.ProductTestCase.close(ProductTestCase.java:26)
at Com.TestCases.ProductTestCase.close(ProductTestCase.java:26)
at Com.TestCases.ProductTestCase.close(ProductTestCase.java:26)
at Com.TestCases.ProductTestCase.close(ProductTestCase.java:26)
at Com.TestCases.ProductTestCase.close(ProductTestCase.java:26)
at Com.TestCases.ProductTestCase.close(ProductTestCase.java:26)
at Com.TestCases.ProductTestCase.close(ProductTestCase.java:26)
at Com.TestCases.ProductTestCase.close(ProductTestCase.java:26)
at Com.TestCases.ProductTestCase.close(ProductTestCase.java:26)
at Com.TestCases.ProductTestCase.close(ProductTestCase.java:26)
at Com.TestCases.ProductTestCase.close(ProductTestCase.java:26)
at Com.TestCases.ProductTestCase.close(ProductTestCase.java:26)
at Com.TestCases.ProductTestCase.close(ProductTestCase.java:26)
at Com.TestCases.ProductTestCase.close(ProductTestCase.java:26)
at Com.TestCases.ProductTestCase.close(ProductTestCase.java:26)
at Com.TestCases.ProductTestCase.close(ProductTestCase.java:26)
at Com.TestCases.ProductTestCase.close(ProductTestCase.java:26)
at Com.TestCases.ProductTestCase.close(ProductTestCase.java:26)
at Com.TestCases.ProductTestCase.close(ProductTestCase.java:26)
at Com.TestCases.ProductTestCase.close(ProductTestCase.java:26)
at Com.TestCases.ProductTestCase.close(ProductTestCase.java:26)
at Com.TestCases.ProductTestCase.close(ProductTestCase.java:26)
at Com.TestCases.ProductTestCase.close(ProductTestCase.java:26)
at Com.TestCases.ProductTestCase.close(ProductTestCase.java:26)
at Com.TestCases.ProductTestCase.close(ProductTestCase.java:26)
at Com.TestCases.ProductTestCase.close(ProductTestCase.java:26)
at Com.TestCases.ProductTestCase.close(ProductTestCase.java:26)
at Com.TestCases.ProductTestCase.close(ProductTestCase.java:26)
at Com.TestCases.ProductTestCase.close(ProductTestCase.java:26)
at Com.TestCases.ProductTestCase.close(ProductTestCase.java:26)
at Com.TestCases.ProductTestCase.close(ProductTestCase.java:26)
at Com.TestCases.ProductTestCase.close(ProductTestCase.java:26)
at Com.TestCases.ProductTestCase.close(ProductTestCase.java:26)
at Com.TestCases.ProductTestCase.close(ProductTestCase.java:26)
at Com.TestCases.ProductTestCase.close(ProductTestCase.java:26)
at Com.TestCases.ProductTestCase.close(ProductTestCase.java:26)
at Com.TestCases.ProductTestCase.close(ProductTestCase.java:26)
at Com.TestCases.ProductTestCase.close(ProductTestCase.java:26)
at Com.TestCases.ProductTestCase.close(ProductTestCase.java:26)
at Com.TestCases.ProductTestCase.close(ProductTestCase.java:26)
at Com.TestCases.ProductTestCase.close(ProductTestCase.java:26)
at Com.TestCases.ProductTestCase.close(ProductTestCase.java:26)
at Com.TestCases.ProductTestCase.close(ProductTestCase.java:26)
at Com.TestCases.ProductTestCase.close(ProductTestCase.java:26)
at Com.TestCases.ProductTestCase.close(ProductTestCase.java:26)
at Com.TestCases.ProductTestCase.close(ProductTestCase.java:26)
at Com.TestCases.ProductTestCase.close(ProductTestCase.java:26)
at Com.TestCases.ProductTestCase.close(ProductTestCase.java:26)
at Com.TestCases.ProductTestCase.close(ProductTestCase.java:26)
at Com.TestCases.ProductTestCase.close(ProductTestCase.java:26)
at Com.TestCases.ProductTestCase.close(ProductTestCase.java:26)
at Com.TestCases.ProductTestCase.close(ProductTestCase.java:26)
at Com.TestCases.ProductTestCase.close(ProductTestCase.java:26)
at Com.TestCases.ProductTestCase.close(ProductTestCase.java:26)
at Com.TestCases.ProductTestCase.close(ProductTestCase.java:26)
at Com.TestCases.ProductTestCase.close(ProductTestCase.java:26)
at Com.TestCases.ProductTestCase.close(ProductTestCase.java:26)
at Com.TestCases.ProductTestCase.close(ProductTestCase.java:26)
at Com.TestCases.ProductTestCase.close(ProductTestCase.java:26)
at Com.TestCases.ProductTestCase.close(ProductTestCase.java:26)
at Com.TestCases.ProductTestCase.close(ProductTestCase.java:26)
at Com.TestCases.ProductTestCase.close(ProductTestCase.java:26)
at Com.TestCases.ProductTestCase.close(ProductTestCase.java:26)
at Com.TestCases.ProductTestCase.close(ProductTestCase.java:26)
at Com.TestCases.ProductTestCase.close(ProductTestCase.java:26)
at Com.TestCases.ProductTestCase.close(ProductTestCase.java:26)
at Com.TestCases.ProductTestCase.close(ProductTestCase.java:26)
at Com.TestCases.ProductTestCase.close(ProductTestCase.java:26)
at Com.TestCases.ProductTestCase.close(ProductTestCase.java:26)
at Com.TestCases.ProductTestCase.close(ProductTestCase.java:26)
at Com.TestCases.ProductTestCase.close(ProductTestCase.java:26)
at Com.TestCases.ProductTestCase.close(ProductTestCase.java:26)
at Com.TestCases.ProductTestCase.close(ProductTestCase.java:26)
at Com.TestCases.ProductTestCase.close(ProductTestCase.java:26)
at Com.TestCases.ProductTestCase.close(ProductTestCase.java:26)
at Com.TestCases.ProductTestCase.close(ProductTestCase.java:26)
at Com.TestCases.ProductTestCase.close(ProductTestCase.java:26)
at Com.TestCases.ProductTestCase.close(ProductTestCase.java:26)
at Com.TestCases.ProductTestCase.close(ProductTestCase.java:26)
at Com.TestCases.ProductTestCase.close(ProductTestCase.java:26)
at Com.TestCases.ProductTestCase.close(ProductTestCase.java:26)
at Com.TestCases.ProductTestCase.close(ProductTestCase.java:26)
at Com.TestCases.ProductTestCase.close(ProductTestCase.java:26)
at Com.TestCases.ProductTestCase.close(ProductTestCase.java:26)
at Com.TestCases.ProductTestCase.close(ProductTestCase.java:26)
at Com.TestCases.ProductTestCase.close(ProductTestCase.java:26)
at Com.TestCases.ProductTestCase.close(ProductTestCase.java:26)
at Com.TestCases.ProductTestCase.close(ProductTestCase.java:26)
at Com.TestCases.ProductTestCase.close(ProductTestCase.java:26)
at Com.TestCases.ProductTestCase.close(ProductTestCase.java:26)
at Com.TestCases.ProductTestCase.close(ProductTestCase.java:26)
at Com.TestCases.ProductTestCase.close(ProductTestCase.java:26)
at Com.TestCases.ProductTestCase.close(ProductTestCase.java:26)
at Com.TestCases.ProductTestCase.close(ProductTestCase.java:26)
at Com.TestCases.ProductTestCase.close(ProductTestCase.java:26)
at Com.TestCases.ProductTestCase.close(ProductTestCase.java:26)
at Com.TestCases.ProductTestCase.close(ProductTestCase.java:26)
at Com.TestCases.ProductTestCase.close(ProductTestCase.java:26)
at Com.TestCases.ProductTestCase.close(ProductTestCase.java:26)
at Com.TestCases.ProductTestCase.close(ProductTestCase.java:26)
at Com.TestCases.ProductTestCase.close(ProductTestCase.java:26)
at Com.TestCases.ProductTestCase.close(ProductTestCase.java:26)
at Com.TestCases.ProductTestCase.close(ProductTestCase.java:26)
at Com.TestCases.ProductTestCase.close(ProductTestCase.java:26)
at Com.TestCases.ProductTestCase.close(ProductTestCase.java:26)
at Com.TestCases.ProductTestCase.close(ProductTestCase.java:26)
at Com.TestCases.ProductTestCase.close(ProductTestCase.java:26)
at Com.TestCases.ProductTestCase.close(ProductTestCase.java:26)
at Com.TestCases.ProductTestCase.close(ProductTestCase.java:26)
at Com.TestCases.ProductTestCase.close(ProductTestCase.java:26)
at Com.TestCases.ProductTestCase.close(ProductTestCase.java:26)
at Com.TestCases.ProductTestCase.close(ProductTestCase.java:26)
at Com.TestCases.ProductTestCase.close(ProductTestCase.java:26)
at Com.TestCases.ProductTestCase.close(ProductTestCase.java:26)
at Com.TestCases.ProductTestCase.close(ProductTestCase.java:26)
at Com.TestCases.ProductTestCase.close(ProductTestCase.java:26)
at Com.TestCases.ProductTestCase.close(ProductTestCase.java:26)
at Com.TestCases.ProductTestCase.close(ProductTestCase.java:26)
at Com.TestCases.ProductTestCase.close(ProductTestCase.java:26)
at Com.TestCases.ProductTestCase.close(ProductTestCase.java:26)
at Com.TestCases.ProductTestCase.close(ProductTestCase.java:26)
at Com.TestCases.ProductTestCase.close(ProductTestCase.java:26)
at Com.TestCases.ProductTestCase.close(ProductTestCase.java:26)
at Com.TestCases.ProductTestCase.close(ProductTestCase.java:26)
at Com.TestCases.ProductTestCase.close(ProductTestCase.java:26)
at Com.TestCases.ProductTestCase.close(ProductTestCase.java:26)
at Com.TestCases.ProductTestCase.close(ProductTestCase.java:26)
at Com.TestCases.ProductTestCase.close(ProductTestCase.java:26)
at Com.TestCases.ProductTestCase.close(ProductTestCase.java:26)
at Com.TestCases.ProductTestCase.close(ProductTestCase.java:26)
at Com.TestCases.ProductTestCase.close(ProductTestCase.java:26)
at Com.TestCases.ProductTestCase.close(ProductTestCase.java:26)
at Com.TestCases.ProductTestCase.close(ProductTestCase.java:26)
at Com.TestCases.ProductTestCase.close(ProductTestCase.java:26)
at Com.TestCases.ProductTestCase.close(ProductTestCase.java:26)
at Com.TestCases.ProductTestCase.close(ProductTestCase.java:26)
at Com.TestCases.ProductTestCase.close(ProductTestCase.java:26)
at Com.TestCases.ProductTestCase.close(ProductTestCase.java:26)
at Com.TestCases.ProductTestCase.close(ProductTestCase.java:26)
at Com.TestCases.ProductTestCase.close(ProductTestCase.java:26)
at Com.TestCases.ProductTestCase.close(ProductTestCase.java:26)
at Com.TestCases.ProductTestCase.close(ProductTestCase.java:26)
at Com.TestCases.ProductTestCase.close(ProductTestCase.java:26)
at Com.TestCases.ProductTestCase.close(ProductTestCase.java:26)
at Com.TestCases.ProductTestCase.close(ProductTestCase.java:26)
at Com.TestCases.ProductTestCase.close(ProductTestCase.java:26)
at Com.TestCases.ProductTestCase.close(ProductTestCase.java:26)
at Com.TestCases.ProductTestCase.close(ProductTestCase.java:26)
at Com.TestCases.ProductTestCase.close(ProductTestCase.java:26)
at Com.TestCases.ProductTestCase.close(ProductTestCase.java:26)
at Com.TestCases.ProductTestCase.close(ProductTestCase.java:26)
at Com.TestCases.ProductTestCase.close(ProductTestCase.java:26)
at Com.TestCases.ProductTestCase.close(ProductTestCase.java:26)
at Com.TestCases.ProductTestCase.close(ProductTestCase.java:26)
at Com.TestCases.ProductTestCase.close(ProductTestCase.java:26)
at Com.TestCases.ProductTestCase.close(ProductTestCase.java:26)
at Com.TestCases.ProductTestCase.close(ProductTestCase.java:26)
at Com.TestCases.ProductTestCase.close(ProductTestCase.java:26)
at Com.TestCases.ProductTestCase.close(ProductTestCase.java:26)
at Com.TestCases.ProductTestCase.close(ProductTestCase.java:26)
at Com.TestCases.ProductTestCase.close(ProductTestCase.java:26)
at Com.TestCases.ProductTestCase.close(ProductTestCase.java:26)
at Com.TestCases.ProductTestCase.close(ProductTestCase.java:26)
at Com.TestCases.ProductTestCase.close(ProductTestCase.java:26)
at Com.TestCases.ProductTestCase.close(ProductTestCase.java:26)
at Com.TestCases.ProductTestCase.close(ProductTestCase.java:26)
at Com.TestCases.ProductTestCase.close(ProductTestCase.java:26)
at Com.TestCases.ProductTestCase.close(ProductTestCase.java:26)
at Com.TestCases.ProductTestCase.close(ProductTestCase.java:26)
at Com.TestCases.ProductTestCase.close(ProductTestCase.java:26)
at Com.TestCases.ProductTestCase.close(ProductTestCase.java:26)
at Com.TestCases.ProductTestCase.close(ProductTestCase.java:26)
at Com.TestCases.ProductTestCase.close(ProductTestCase.java:26)
at Com.TestCases.ProductTestCase.close(ProductTestCase.java:26)
at Com.TestCases.ProductTestCase.close(ProductTestCase.java:26)
at Com.TestCases.ProductTestCase.close(ProductTestCase.java:26)
at Com.TestCases.ProductTestCase.close(ProductTestCase.java:26)
at Com.TestCases.ProductTestCase.close(ProductTestCase.java:26)
at Com.TestCases.ProductTestCase.close(ProductTestCase.java:26)
at Com.TestCases.ProductTestCase.close(ProductTestCase.java:26)
at Com.TestCases.ProductTestCase.close(ProductTestCase.java:26)
at Com.TestCases.ProductTestCase.close(ProductTestCase.java:26)
at Com.TestCases.ProductTestCase.close(ProductTestCase.java:26)
at Com.TestCases.ProductTestCase.close(ProductTestCase.java:26)
at Com.TestCases.ProductTestCase.close(ProductTestCase.java:26)
at Com.TestCases.ProductTestCase.close(ProductTestCase.java:26)
at Com.TestCases.ProductTestCase.close(ProductTestCase.java:26)
at Com.TestCases.ProductTestCase.close(ProductTestCase.java:26)
at Com.TestCases.ProductTestCase.close(ProductTestCase.java:26)
at Com.TestCases.ProductTestCase.close(ProductTestCase.java:26)
at Com.TestCases.ProductTestCase.close(ProductTestCase.java:26)
at Com.TestCases.ProductTestCase.close(ProductTestCase.java:26)
at Com.TestCases.ProductTestCase.close(ProductTestCase.java:26)
at Com.TestCases.ProductTestCase.close(ProductTestCase.java:26)
at Com.TestCases.ProductTestCase.close(ProductTestCase.java:26)
at Com.TestCases.ProductTestCase.close(ProductTestCase.java:26)
at Com.TestCases.ProductTestCase.close(ProductTestCase.java:26)
at Com.TestCases.ProductTestCase.close(ProductTestCase.java:26)
at Com.TestCases.ProductTestCase.close(ProductTestCase.java:26)
at Com.TestCases.ProductTestCase.close(ProductTestCase.java:26)
at Com.TestCases.ProductTestCase.close(ProductTestCase.java:26)
at Com.TestCases.ProductTestCase.close(ProductTestCase.java:26)
at Com.TestCases.ProductTestCase.close(ProductTestCase.java:26)
at Com.TestCases.ProductTestCase.close(ProductTestCase.java:26)
at Com.TestCases.ProductTestCase.close(ProductTestCase.java:26)
at Com.TestCases.ProductTestCase.close(ProductTestCase.java:26)
at Com.TestCases.ProductTestCase.close(ProductTestCase.java:26)
at Com.TestCases.ProductTestCase.close(ProductTestCase.java:26)
at Com.TestCases.ProductTestCase.close(ProductTestCase.java:26)
at Com.TestCases.ProductTestCase.close(ProductTestCase.java:26)
at Com.TestCases.ProductTestCase.close(ProductTestCase.java:26)
at Com.TestCases.ProductTestCase.close(ProductTestCase.java:26)
at Com.TestCases.ProductTestCase.close(ProductTestCase.java:26)
at Com.TestCases.ProductTestCase.close(ProductTestCase.java:26)
at Com.TestCases.ProductTestCase.close(ProductTestCase.java:26)
at Com.TestCases.ProductTestCase.close(ProductTestCase.java:26)
at Com.TestCases.ProductTestCase.close(ProductTestCase.java:26)
at Com.TestCases.ProductTestCase.close(ProductTestCase.java:26)
at Com.TestCases.ProductTestCase.close(ProductTestCase.java:26)
at Com.TestCases.ProductTestCase.close(ProductTestCase.java:26)
at Com.TestCases.ProductTestCase.close(ProductTestCase.java:26)
at Com.TestCases.ProductTestCase.close(ProductTestCase.java:26)
at Com.TestCases.ProductTestCase.close(ProductTestCase.java:26)
at Com.TestCases.ProductTestCase.close(ProductTestCase.java:26)
at Com.TestCases.ProductTestCase.close(ProductTestCase.java:26)
at Com.TestCases.ProductTestCase.close(ProductTestCase.java:26)
at Com.TestCases.ProductTestCase.close(ProductTestCase.java:26)
at Com.TestCases.ProductTestCase.close(ProductTestCase.java:26)
at Com.TestCases.ProductTestCase.close(ProductTestCase.java:26)
at Com.TestCases.ProductTestCase.close(ProductTestCase.java:26)
at Com.TestCases.ProductTestCase.close(ProductTestCase.java:26)
at Com.TestCases.ProductTestCase.close(ProductTestCase.java:26)
at Com.TestCases.ProductTestCase.close(ProductTestCase.java:26)
at Com.TestCases.ProductTestCase.close(ProductTestCase.java:26)
at Com.TestCases.ProductTestCase.close(ProductTestCase.java:26)
at Com.TestCases.ProductTestCase.close(ProductTestCase.java:26)
at Com.TestCases.ProductTestCase.close(ProductTestCase.java:26)
at Com.TestCases.ProductTestCase.close(ProductTestCase.java:26)
at Com.TestCases.ProductTestCase.close(ProductTestCase.java:26)
at Com.TestCases.ProductTestCase.close(ProductTestCase.java:26)
at Com.TestCases.ProductTestCase.close(ProductTestCase.java:26)
at Com.TestCases.ProductTestCase.close(ProductTestCase.java:26)
at Com.TestCases.ProductTestCase.close(ProductTestCase.java:26)
at Com.TestCases.ProductTestCase.close(ProductTestCase.java:26)
at Com.TestCases.ProductTestCase.close(ProductTestCase.java:26)
at Com.TestCases.ProductTestCase.close(ProductTestCase.java:26)
at Com.TestCases.ProductTestCase.close(ProductTestCase.java:26)
at Com.TestCases.ProductTestCase.close(ProductTestCase.java:26)
at Com.TestCases.ProductTestCase.close(ProductTestCase.java:26)
at Com.TestCases.ProductTestCase.close(ProductTestCase.java:26)
at Com.TestCases.ProductTestCase.close(ProductTestCase.java:26)
at Com.TestCases.ProductTestCase.close(ProductTestCase.java:26)
at Com.TestCases.ProductTestCase.close(ProductTestCase.java:26)
at Com.TestCases.ProductTestCase.close(ProductTestCase.java:26)
at Com.TestCases.ProductTestCase.close(ProductTestCase.java:26)
at Com.TestCases.ProductTestCase.close(ProductTestCase.java:26)
at Com.TestCases.ProductTestCase.close(ProductTestCase.java:26)
at Com.TestCases.ProductTestCase.close(ProductTestCase.java:26)
at Com.TestCases.ProductTestCase.close(ProductTestCase.java:26)
at Com.TestCases.ProductTestCase.close(ProductTestCase.java:26)
at Com.TestCases.ProductTestCase.close(ProductTestCase.java:26)
at Com.TestCases.ProductTestCase.close(ProductTestCase.java:26)
at Com.TestCases.ProductTestCase.close(ProductTestCase.java:26)
at Com.TestCases.ProductTestCase.close(ProductTestCase.java:26)
at Com.TestCases.ProductTestCase.close(ProductTestCase.java:26)
at Com.TestCases.ProductTestCase.close(ProductTestCase.java:26)
at Com.TestCases.ProductTestCase.close(ProductTestCase.java:26)
at Com.TestCases.ProductTestCase.close(ProductTestCase.java:26)
at Com.TestCases.ProductTestCase.close(ProductTestCase.java:26)
at Com.TestCases.ProductTestCase.close(ProductTestCase.java:26)
at Com.TestCases.ProductTestCase.close(ProductTestCase.java:26)
at Com.TestCases.ProductTestCase.close(ProductTestCase.java:26)
at Com.TestCases.ProductTestCase.close(ProductTestCase.java:26)
at Com.TestCases.ProductTestCase.close(ProductTestCase.java:26)
at Com.TestCases.ProductTestCase.close(ProductTestCase.java:26)
at Com.TestCases.ProductTestCase.close(ProductTestCase.java:26)
at Com.TestCases.ProductTestCase.close(ProductTestCase.java:26)
at Com.TestCases.ProductTestCase.close(ProductTestCase.java:26)
at Com.TestCases.ProductTestCase.close(ProductTestCase.java:26)
at Com.TestCases.ProductTestCase.close(ProductTestCase.java:26)
at Com.TestCases.ProductTestCase.close(ProductTestCase.java:26)
at Com.TestCases.ProductTestCase.close(ProductTestCase.java:26)
at Com.TestCases.ProductTestCase.close(ProductTestCase.java:26)
at Com.TestCases.ProductTestCase.close(ProductTestCase.java:26)
at Com.TestCases.ProductTestCase.close(ProductTestCase.java:26)
at Com.TestCases.ProductTestCase.close(ProductTestCase.java:26)
at Com.TestCases.ProductTestCase.close(ProductTestCase.java:26)
at Com.TestCases.ProductTestCase.close(ProductTestCase.java:26)
at Com.TestCases.ProductTestCase.close(ProductTestCase.java:26)
at Com.TestCases.ProductTestCase.close(ProductTestCase.java:26)
at Com.TestCases.ProductTestCase.close(ProductTestCase.java:26)
at Com.TestCases.ProductTestCase.close(ProductTestCase.java:26)
at Com.TestCases.ProductTestCase.close(ProductTestCase.java:26)
at Com.TestCases.ProductTestCase.close(ProductTestCase.java:26)
at Com.TestCases.ProductTestCase.close(ProductTestCase.java:26)
at Com.TestCases.ProductTestCase.close(ProductTestCase.java:26)
at Com.TestCases.ProductTestCase.close(ProductTestCase.java:26)
at Com.TestCases.ProductTestCase.close(ProductTestCase.java:26)
at Com.TestCases.ProductTestCase.close(ProductTestCase.java:26)
at Com.TestCases.ProductTestCase.close(ProductTestCase.java:26)
at Com.TestCases.ProductTestCase.close(ProductTestCase.java:26)
at Com.TestCases.ProductTestCase.close(ProductTestCase.java:26)
at Com.TestCases.ProductTestCase.close(ProductTestCase.java:26)
at Com.TestCases.ProductTestCase.close(ProductTestCase.java:26)
at Com.TestCases.ProductTestCase.close(ProductTestCase.java:26)
at Com.TestCases.ProductTestCase.close(ProductTestCase.java:26)
at Com.TestCases.ProductTestCase.close(ProductTestCase.java:26)
at Com.TestCases.ProductTestCase.close(ProductTestCase.java:26)
at Com.TestCases.ProductTestCase.close(ProductTestCase.java:26)
at Com.TestCases.ProductTestCase.close(ProductTestCase.java:26)
at Com.TestCases.ProductTestCase.close(ProductTestCase.java:26)
at Com.TestCases.ProductTestCase.close(ProductTestCase.java:26)
at Com.TestCases.ProductTestCase.close(ProductTestCase.java:26)
at Com.TestCases.ProductTestCase.close(ProductTestCase.java:26)
at Com.TestCases.ProductTestCase.close(ProductTestCase.java:26)
at Com.TestCases.ProductTestCase.close(ProductTestCase.java:26)
at Com.TestCases.ProductTestCase.close(ProductTestCase.java:26)
at Com.TestCases.ProductTestCase.close(ProductTestCase.java:26)
at Com.TestCases.ProductTestCase.close(ProductTestCase.java:26)
at Com.TestCases.ProductTestCase.close(ProductTestCase.java:26)
at Com.TestCases.ProductTestCase.close(ProductTestCase.java:26)
at Com.TestCases.ProductTestCase.close(ProductTestCase.java:26)
at Com.TestCases.ProductTestCase.close(ProductTestCase.java:26)
at Com.TestCases.ProductTestCase.close(ProductTestCase.java:26)
at Com.TestCases.ProductTestCase.close(ProductTestCase.java:26)
at Com.TestCases.ProductTestCase.close(ProductTestCase.java:26)
at Com.TestCases.ProductTestCase.close(ProductTestCase.java:26)
at Com.TestCases.ProductTestCase.close(ProductTestCase.java:26)
at Com.TestCases.ProductTestCase.close(ProductTestCase.java:26)
at Com.TestCases.ProductTestCase.close(ProductTestCase.java:26)
at Com.TestCases.ProductTestCase.close(ProductTestCase.java:26)
at Com.TestCases.ProductTestCase.close(ProductTestCase.java:26)
at Com.TestCases.ProductTestCase.close(ProductTestCase.java:26)
at Com.TestCases.ProductTestCase.close(ProductTestCase.java:26)
at Com.TestCases.ProductTestCase.close(ProductTestCase.java:26)
at Com.TestCases.ProductTestCase.close(ProductTestCase.java:26)
at Com.TestCases.ProductTestCase.close(ProductTestCase.java:26)
at Com.TestCases.ProductTestCase.close(ProductTestCase.java:26)
at Com.TestCases.ProductTestCase.close(ProductTestCase.java:26)
at Com.TestCases.ProductTestCase.close(ProductTestCase.java:26)
at Com.TestCases.ProductTestCase.close(ProductTestCase.java:26)
at Com.TestCases.ProductTestCase.close(ProductTestCase.java:26)
at Com.TestCases.ProductTestCase.close(ProductTestCase.java:26)
at Com.TestCases.ProductTestCase.close(ProductTestCase.java:26)
at Com.TestCases.ProductTestCase.close(ProductTestCase.java:26)
at Com.TestCases.ProductTestCase.close(ProductTestCase.java:26)
at Com.TestCases.ProductTestCase.close(ProductTestCase.java:26)
at Com.TestCases.ProductTestCase.close(ProductTestCase.java:26)
at Com.TestCases.ProductTestCase.close(ProductTestCase.java:26)
at Com.TestCases.ProductTestCase.close(ProductTestCase.java:26)
at Com.TestCases.ProductTestCase.close(ProductTestCase.java:26)
at Com.TestCases.ProductTestCase.close(ProductTestCase.java:26)
at Com.TestCases.ProductTestCase.close(ProductTestCase.java:26)
at Com.TestCases.ProductTestCase.close(ProductTestCase.java:26)
at Com.TestCases.ProductTestCase.close(ProductTestCase.java:26)
at Com.TestCases.ProductTestCase.close(ProductTestCase.java:26)
at Com.TestCases.ProductTestCase.close(ProductTestCase.java:26)
at Com.TestCases.ProductTestCase.close(ProductTestCase.java:26)
at Com.TestCases.ProductTestCase.close(ProductTestCase.java:26)
at Com.TestCases.ProductTestCase.close(ProductTestCase.java:26)
at Com.TestCases.ProductTestCase.close(ProductTestCase.java:26)
at Com.TestCases.ProductTestCase.close(ProductTestCase.java:26)
at Com.TestCases.ProductTestCase.close(ProductTestCase.java:26)
at Com.TestCases.ProductTestCase.close(ProductTestCase.java:26)
at Com.TestCases.ProductTestCase.close(ProductTestCase.java:26)
at Com.TestCases.ProductTestCase.close(ProductTestCase.java:26)
at Com.TestCases.ProductTestCase.close(ProductTestCase.java:26)
at Com.TestCases.ProductTestCase.close(ProductTestCase.java:26)
at Com.TestCases.ProductTestCase.close(ProductTestCase.java:26)
at Com.TestCases.ProductTestCase.close(ProductTestCase.java:26)
at Com.TestCases.ProductTestCase.close(ProductTestCase.java:26)
at Com.TestCases.ProductTestCase.close(ProductTestCase.java:26)
at Com.TestCases.ProductTestCase.close(ProductTestCase.java:26)
at Com.TestCases.ProductTestCase.close(ProductTestCase.java:26)
at Com.TestCases.ProductTestCase.close(ProductTestCase.java:26)
at Com.TestCases.ProductTestCase.close(ProductTestCase.java:26)
at Com.TestCases.ProductTestCase.close(ProductTestCase.java:26)
at Com.TestCases.ProductTestCase.close(ProductTestCase.java:26)
at Com.TestCases.ProductTestCase.close(ProductTestCase.java:26)
at Com.TestCases.ProductTestCase.close(ProductTestCase.java:26)
at Com.TestCases.ProductTestCase.close(ProductTestCase.java:26)
at Com.TestCases.ProductTestCase.close(ProductTestCase.java:26)
at Com.TestCases.ProductTestCase.close(ProductTestCase.java:26)
at Com.TestCases.ProductTestCase.close(ProductTestCase.java:26)
at Com.TestCases.ProductTestCase.close(ProductTestCase.java:26)
at Com.TestCases.ProductTestCase.close(ProductTestCase.java:26)
at Com.TestCases.ProductTestCase.close(ProductTestCase.java:26)
at Com.TestCases.ProductTestCase.close(ProductTestCase.java:26)
at Com.TestCases.ProductTestCase.close(ProductTestCase.java:26)
at Com.TestCases.ProductTestCase.close(ProductTestCase.java:26)
at Com.TestCases.ProductTestCase.close(ProductTestCase.java:26)
at Com.TestCases.ProductTestCase.close(ProductTestCase.java:26)
at Com.TestCases.ProductTestCase.close(ProductTestCase.java:26)
at Com.TestCases.ProductTestCase.close(ProductTestCase.java:26)
at Com.TestCases.ProductTestCase.close(ProductTestCase.java:26)
at Com.TestCases.ProductTestCase.close(ProductTestCase.java:26)
at Com.TestCases.ProductTestCase.close(ProductTestCase.java:26)
at Com.TestCases.ProductTestCase.close(ProductTestCase.java:26)
at Com.TestCases.ProductTestCase.close(ProductTestCase.java:26)
at Com.TestCases.ProductTestCase.close(ProductTestCase.java:26)
at Com.TestCases.ProductTestCase.close(ProductTestCase.java:26)
at Com.TestCases.ProductTestCase.close(ProductTestCase.java:26)
at Com.TestCases.ProductTestCase.close(ProductTestCase.java:26)
at Com.TestCases.ProductTestCase.close(ProductTestCase.java:26)
at Com.TestCases.ProductTestCase.close(ProductTestCase.java:26)
at Com.TestCases.ProductTestCase.close(ProductTestCase.java:26)
at Com.TestCases.ProductTestCase.close(ProductTestCase.java:26)
at Com.TestCases.ProductTestCase.close(ProductTestCase.java:26)
at Com.TestCases.ProductTestCase.close(ProductTestCase.java:26)
at Com.TestCases.ProductTestCase.close(ProductTestCase.java:26)
at Com.TestCases.ProductTestCase.close(ProductTestCase.java:26)
at Com.TestCases.ProductTestCase.close(ProductTestCase.java:26)
at Com.TestCases.ProductTestCase.close(ProductTestCase.java:26)
at Com.TestCases.ProductTestCase.close(ProductTestCase.java:26)
at Com.TestCases.ProductTestCase.close(ProductTestCase.java:26)
at Com.TestCases.ProductTestCase.close(ProductTestCase.java:26)
at Com.TestCases.ProductTestCase.close(ProductTestCase.java:26)
at Com.TestCases.ProductTestCase.close(ProductTestCase.java:26)
at Com.TestCases.ProductTestCase.close(ProductTestCase.java:26)
at Com.TestCases.ProductTestCase.close(ProductTestCase.java:26)
at Com.TestCases.ProductTestCase.close(ProductTestCase.java:26)
at Com.TestCases.ProductTestCase.close(ProductTestCase.java:26)
at Com.TestCases.ProductTestCase.close(ProductTestCase.java:26)
at Com.TestCases.ProductTestCase.close(ProductTestCase.java:26)
at Com.TestCases.ProductTestCase.close(ProductTestCase.java:26)
at Com.TestCases.ProductTestCase.close(ProductTestCase.java:26)
at Com.TestCases.ProductTestCase.close(ProductTestCase.java:26)
at Com.TestCases.ProductTestCase.close(ProductTestCase.java:26)
at Com.TestCases.ProductTestCase.close(ProductTestCase.java:26)
at Com.TestCases.ProductTestCase.close(ProductTestCase.java:26)
at Com.TestCases.ProductTestCase.close(ProductTestCase.java:26)
at Com.TestCases.ProductTestCase.close(ProductTestCase.java:26)
at Com.TestCases.ProductTestCase.close(ProductTestCase.java:26)
at Com.TestCases.ProductTestCase.close(ProductTestCase.java:26)
at Com.TestCases.ProductTestCase.close(ProductTestCase.java:26)
at Com.TestCases.ProductTestCase.close(ProductTestCase.java:26)
at Com.TestCases.ProductTestCase.close(ProductTestCase.java:26)
at Com.TestCases.ProductTestCase.close(ProductTestCase.java:26)
at Com.TestCases.ProductTestCase.close(ProductTestCase.java:26)
at Com.TestCases.ProductTestCase.close(ProductTestCase.java:26)
at Com.TestCases.ProductTestCase.close(ProductTestCase.java:26)
at Com.TestCases.ProductTestCase.close(ProductTestCase.java:26)
at Com.TestCases.ProductTestCase.close(ProductTestCase.java:26)
at Com.TestCases.ProductTestCase.close(ProductTestCase.java:26)
at Com.TestCases.ProductTestCase.close(ProductTestCase.java:26)
at Com.TestCases.ProductTestCase.close(ProductTestCase.java:26)
at Com.TestCases.ProductTestCase.close(ProductTestCase.java:26)
at Com.TestCases.ProductTestCase.close(ProductTestCase.java:26)
at Com.TestCases.ProductTestCase.close(ProductTestCase.java:26)
at Com.TestCases.ProductTestCase.close(ProductTestCase.java:26)
at Com.TestCases.ProductTestCase.close(ProductTestCase.java:26)
at Com.TestCases.ProductTestCase.close(ProductTestCase.java:26)
at Com.TestCases.ProductTestCase.close(ProductTestCase.java:26)
at Com.TestCases.ProductTestCase.close(ProductTestCase.java:26)
]]>
    </failure>
  </testcase> <!-- @AfterClass close -->
  <testcase name="search" time="23.143" classname="Com.TestCases.SearchTestCase"/>
  <testcase name="product" time="18.301" classname="Com.TestCases.ProductTestCase">
    <failure type="org.openqa.selenium.NoSuchElementException" message="Cannot locate an element using xpath=//*[@id=&amp;quot;search&amp;quot;]/div[1]/div[2]/div/span[4]/div[1]/div[1]/div/span/div/div/div/div/div[2]/div[1]/div
For documentation on this error, please visit: https://www.seleniumhq.org/exceptions/no_such_element.html
Build info: version: &amp;apos;3.141.59&amp;apos;, revision: &amp;apos;e82be7d358&amp;apos;, time: &amp;apos;2018-11-14T08:17:03&amp;apos;
System info: host: &amp;apos;BLT060&amp;apos;, ip: &amp;apos;192.168.0.60&amp;apos;, os.name: &amp;apos;Windows 7&amp;apos;, os.arch: &amp;apos;amd64&amp;apos;, os.version: &amp;apos;6.1&amp;apos;, java.version: &amp;apos;1.8.0_221&amp;apos;
Driver info: driver.version: RemoteWebDriver">
      <![CDATA[org.openqa.selenium.NoSuchElementException: Cannot locate an element using xpath=//*[@id="search"]/div[1]/div[2]/div/span[4]/div[1]/div[1]/div/span/div/div/div/div/div[2]/div[1]/div
For documentation on this error, please visit: https://www.seleniumhq.org/exceptions/no_such_element.html
Build info: version: '3.141.59', revision: 'e82be7d358', time: '2018-11-14T08:17:03'
System info: host: 'BLT060', ip: '192.168.0.60', os.name: 'Windows 7', os.arch: 'amd64', os.version: '6.1', java.version: '1.8.0_221'
Driver info: driver.version: RemoteWebDriver
at org.openqa.selenium.remote.RemoteWebDriver.findElement(RemoteWebDriver.java:327)
at org.openqa.selenium.remote.RemoteWebDriver.findElementByXPath(RemoteWebDriver.java:428)
at org.openqa.selenium.By$ByXPath.findElement(By.java:353)
at org.openqa.selenium.remote.RemoteWebDriver.findElement(RemoteWebDriver.java:315)
at Com.Pages.ProductDetails.details_product(ProductDetails.java:18)
at Com.TestCases.ProductTestCase.product(ProductTestCase.java:21)
at java.util.concurrent.ThreadPoolExecutor.runWorker(Unknown Source)
at java.util.concurrent.ThreadPoolExecutor$Worker.run(Unknown Source)
at java.lang.Thread.run(Unknown Source)
... Removed 10 stack frames]]>
    </failure>
  </testcase> <!-- product -->
  <testcase name="login" time="10.827" classname="Com.TestCases.LoginTestCase">
    <failure type="org.openqa.selenium.WebDriverException" message="chrome not reachable
  (Session info: chrome=80.0.3987.122)
Build info: version: &amp;apos;3.141.59&amp;apos;, revision: &amp;apos;e82be7d358&amp;apos;, time: &amp;apos;2018-11-14T08:17:03&amp;apos;
System info: host: &amp;apos;BLT060&amp;apos;, ip: &amp;apos;192.168.0.60&amp;apos;, os.name: &amp;apos;Windows 7&amp;apos;, os.arch: &amp;apos;amd64&amp;apos;, os.version: &amp;apos;6.1&amp;apos;, java.version: &amp;apos;1.8.0_221&amp;apos;
Driver info: org.openqa.selenium.chrome.ChromeDriver
Capabilities {acceptInsecureCerts: false, browserName: chrome, browserVersion: 80.0.3987.122, chrome: {chromedriverVersion: 79.0.3945.36 (3582db32b3389..., userDataDir: C:\Users\BLTUSE~1.BLT\AppDa...}, goog:chromeOptions: {debuggerAddress: localhost:53278}, javascriptEnabled: true, networkConnectionEnabled: false, pageLoadStrategy: normal, platform: WINDOWS, platformName: WINDOWS, proxy: Proxy(), setWindowRect: true, strictFileInteractability: false, timeouts: {implicit: 0, pageLoad: 300000, script: 30000}, unhandledPromptBehavior: dismiss and notify}
Session ID: cf22313ae64fc6d6d30d47f2579db9d0
*** Element info: {Using=id, value=ap_email}">
      <![CDATA[org.openqa.selenium.WebDriverException: chrome not reachable
  (Session info: chrome=80.0.3987.122)
Build info: version: '3.141.59', revision: 'e82be7d358', time: '2018-11-14T08:17:03'
System info: host: 'BLT060', ip: '192.168.0.60', os.name: 'Windows 7', os.arch: 'amd64', os.version: '6.1', java.version: '1.8.0_221'
Driver info: org.openqa.selenium.chrome.ChromeDriver
Capabilities {acceptInsecureCerts: false, browserName: chrome, browserVersion: 80.0.3987.122, chrome: {chromedriverVersion: 79.0.3945.36 (3582db32b3389..., userDataDir: C:\Users\BLTUSE~1.BLT\AppDa...}, goog:chromeOptions: {debuggerAddress: localhost:53278}, javascriptEnabled: true, networkConnectionEnabled: false, pageLoadStrategy: normal, platform: WINDOWS, platformName: WINDOWS, proxy: Proxy(), setWindowRect: true, strictFileInteractability: false, timeouts: {implicit: 0, pageLoad: 300000, script: 30000}, unhandledPromptBehavior: dismiss and notify}
Session ID: cf22313ae64fc6d6d30d47f2579db9d0
*** Element info: {Using=id, value=ap_email}
at org.openqa.selenium.remote.http.W3CHttpResponseCodec.createException(W3CHttpResponseCodec.java:187)
at org.openqa.selenium.remote.http.W3CHttpResponseCodec.decode(W3CHttpResponseCodec.java:122)
at org.openqa.selenium.remote.http.W3CHttpResponseCodec.decode(W3CHttpResponseCodec.java:49)
at org.openqa.selenium.remote.HttpCommandExecutor.execute(HttpCommandExecutor.java:158)
at org.openqa.selenium.remote.service.DriverCommandExecutor.execute(DriverCommandExecutor.java:83)
at org.openqa.selenium.remote.RemoteWebDriver.execute(RemoteWebDriver.java:552)
at org.openqa.selenium.remote.RemoteWebDriver.findElement(RemoteWebDriver.java:323)
at org.openqa.selenium.remote.RemoteWebDriver.findElementById(RemoteWebDriver.java:372)
at org.openqa.selenium.By$ById.findElement(By.java:188)
at org.openqa.selenium.remote.RemoteWebDriver.findElement(RemoteWebDriver.java:315)
at Com.Pages.LoginPage.LoginClass_Email(LoginPage.java:25)
at Com.TestCases.LoginTestCase.login(LoginTestCase.java:21)
at java.util.concurrent.ThreadPoolExecutor.runWorker(Unknown Source)
at java.util.concurrent.ThreadPoolExecutor$Worker.run(Unknown Source)
at java.lang.Thread.run(Unknown Source)
... Removed 14 stack frames]]>
    </failure>
  </testcase> <!-- login -->
</testsuite> <!-- Test -->
