<?xml version="1.0" encoding="UTF-8"?>
<testng-results skipped="0" failed="2" ignored="0" total="3" passed="1">
  <reporter-output>
  </reporter-output>
  <suite name="Suite" duration-ms="78565" started-at="2020-03-05T09:11:11Z" finished-at="2020-03-05T09:12:30Z">
    <groups>
    </groups>
    <test name="Test" duration-ms="78565" started-at="2020-03-05T09:11:11Z" finished-at="2020-03-05T09:12:30Z">
      <class name="Com.TestCases.LoginTestCase">
        <test-method status="PASS" signature="startUp()[pri:0, instance:Com.TestCases.LoginTestCase@77f99a05]" name="startUp" is-config="true" duration-ms="67682" started-at="2020-03-05T09:11:12Z" finished-at="2020-03-05T09:12:19Z">
          <reporter-output>
          </reporter-output>
        </test-method> <!-- startUp -->
        <test-method status="FAIL" signature="login()[pri:0, instance:Com.TestCases.LoginTestCase@77f99a05]" name="login" duration-ms="10827" started-at="2020-03-05T09:12:19Z" finished-at="2020-03-05T09:12:30Z">
          <exception class="org.openqa.selenium.WebDriverException">
            <message>
              <![CDATA[chrome not reachable
  (Session info: chrome=80.0.3987.122)
Build info: version: '3.141.59', revision: 'e82be7d358', time: '2018-11-14T08:17:03'
System info: host: 'BLT060', ip: '192.168.0.60', os.name: 'Windows 7', os.arch: 'amd64', os.version: '6.1', java.version: '1.8.0_221'
Driver info: org.openqa.selenium.chrome.ChromeDriver
Capabilities {acceptInsecureCerts: false, browserName: chrome, browserVersion: 80.0.3987.122, chrome: {chromedriverVersion: 79.0.3945.36 (3582db32b3389..., userDataDir: C:\Users\BLTUSE~1.BLT\AppDa...}, goog:chromeOptions: {debuggerAddress: localhost:53278}, javascriptEnabled: true, networkConnectionEnabled: false, pageLoadStrategy: normal, platform: WINDOWS, platformName: WINDOWS, proxy: Proxy(), setWindowRect: true, strictFileInteractability: false, timeouts: {implicit: 0, pageLoad: 300000, script: 30000}, unhandledPromptBehavior: dismiss and notify}
Session ID: cf22313ae64fc6d6d30d47f2579db9d0
*** Element info: {Using=id, value=ap_email}]]>
            </message>
            <full-stacktrace>
              <![CDATA[org.openqa.selenium.WebDriverException: chrome not reachable
  (Session info: chrome=80.0.3987.122)
Build info: version: '3.141.59', revision: 'e82be7d358', time: '2018-11-14T08:17:03'
System info: host: 'BLT060', ip: '192.168.0.60', os.name: 'Windows 7', os.arch: 'amd64', os.version: '6.1', java.version: '1.8.0_221'
Driver info: org.openqa.selenium.chrome.ChromeDriver
Capabilities {acceptInsecureCerts: false, browserName: chrome, browserVersion: 80.0.3987.122, chrome: {chromedriverVersion: 79.0.3945.36 (3582db32b3389..., userDataDir: C:\Users\BLTUSE~1.BLT\AppDa...}, goog:chromeOptions: {debuggerAddress: localhost:53278}, javascriptEnabled: true, networkConnectionEnabled: false, pageLoadStrategy: normal, platform: WINDOWS, platformName: WINDOWS, proxy: Proxy(), setWindowRect: true, strictFileInteractability: false, timeouts: {implicit: 0, pageLoad: 300000, script: 30000}, unhandledPromptBehavior: dismiss and notify}
Session ID: cf22313ae64fc6d6d30d47f2579db9d0
*** Element info: {Using=id, value=ap_email}
at sun.reflect.NativeConstructorAccessorImpl.newInstance0(Native Method)
at sun.reflect.NativeConstructorAccessorImpl.newInstance(Unknown Source)
at sun.reflect.DelegatingConstructorAccessorImpl.newInstance(Unknown Source)
at java.lang.reflect.Constructor.newInstance(Unknown Source)
at org.openqa.selenium.remote.http.W3CHttpResponseCodec.createException(W3CHttpResponseCodec.java:187)
at org.openqa.selenium.remote.http.W3CHttpResponseCodec.decode(W3CHttpResponseCodec.java:122)
at org.openqa.selenium.remote.http.W3CHttpResponseCodec.decode(W3CHttpResponseCodec.java:49)
at org.openqa.selenium.remote.HttpCommandExecutor.execute(HttpCommandExecutor.java:158)
at org.openqa.selenium.remote.service.DriverCommandExecutor.execute(DriverCommandExecutor.java:83)
at org.openqa.selenium.remote.RemoteWebDriver.execute(RemoteWebDriver.java:552)
at org.openqa.selenium.remote.RemoteWebDriver.findElement(RemoteWebDriver.java:323)
at org.openqa.selenium.remote.RemoteWebDriver.findElementById(RemoteWebDriver.java:372)
at org.openqa.selenium.By$ById.findElement(By.java:188)
at org.openqa.selenium.remote.RemoteWebDriver.findElement(RemoteWebDriver.java:315)
at Com.Pages.LoginPage.LoginClass_Email(LoginPage.java:25)
at Com.TestCases.LoginTestCase.login(LoginTestCase.java:21)
at sun.reflect.NativeMethodAccessorImpl.invoke0(Native Method)
at sun.reflect.NativeMethodAccessorImpl.invoke(Unknown Source)
at sun.reflect.DelegatingMethodAccessorImpl.invoke(Unknown Source)
at java.lang.reflect.Method.invoke(Unknown Source)
at org.testng.internal.MethodInvocationHelper.invokeMethod(MethodInvocationHelper.java:124)
at org.testng.internal.Invoker.invokeMethod(Invoker.java:583)
at org.testng.internal.Invoker.invokeTestMethod(Invoker.java:719)
at org.testng.internal.Invoker.invokeTestMethods(Invoker.java:989)
at org.testng.internal.TestMethodWorker.invokeTestMethods(TestMethodWorker.java:125)
at org.testng.internal.TestMethodWorker.run(TestMethodWorker.java:109)
at java.util.concurrent.ThreadPoolExecutor.runWorker(Unknown Source)
at java.util.concurrent.ThreadPoolExecutor$Worker.run(Unknown Source)
at java.lang.Thread.run(Unknown Source)
]]>
            </full-stacktrace>
          </exception> <!-- org.openqa.selenium.WebDriverException -->
          <reporter-output>
          </reporter-output>
        </test-method> <!-- login -->
      </class> <!-- Com.TestCases.LoginTestCase -->
      <class name="Com.TestCases.SearchTestCase">
        <test-method status="PASS" signature="startUp()[pri:0, instance:Com.TestCases.SearchTestCase@1a3869f4]" name="startUp" is-config="true" duration-ms="45106" started-at="2020-03-05T09:11:11Z" finished-at="2020-03-05T09:11:57Z">
          <reporter-output>
          </reporter-output>
        </test-method> <!-- startUp -->
        <test-method status="PASS" signature="search()[pri:0, instance:Com.TestCases.SearchTestCase@1a3869f4]" name="search" duration-ms="23143" started-at="2020-03-05T09:11:57Z" finished-at="2020-03-05T09:12:20Z">
          <reporter-output>
          </reporter-output>
        </test-method> <!-- search -->
      </class> <!-- Com.TestCases.SearchTestCase -->
      <class name="Com.TestCases.ProductTestCase">
        <test-method status="PASS" signature="startUp()[pri:0, instance:Com.TestCases.ProductTestCase@a38d7a3]" name="startUp" is-config="true" duration-ms="57578" started-at="2020-03-05T09:11:12Z" finished-at="2020-03-05T09:12:09Z">
          <reporter-output>
          </reporter-output>
        </test-method> <!-- startUp -->
        <test-method status="FAIL" signature="product()[pri:0, instance:Com.TestCases.ProductTestCase@a38d7a3]" name="product" duration-ms="18301" started-at="2020-03-05T09:12:09Z" finished-at="2020-03-05T09:12:27Z">
          <exception class="org.openqa.selenium.NoSuchElementException">
            <message>
              <![CDATA[Cannot locate an element using xpath=//*[@id="search"]/div[1]/div[2]/div/span[4]/div[1]/div[1]/div/span/div/div/div/div/div[2]/div[1]/div
For documentation on this error, please visit: https://www.seleniumhq.org/exceptions/no_such_element.html
Build info: version: '3.141.59', revision: 'e82be7d358', time: '2018-11-14T08:17:03'
System info: host: 'BLT060', ip: '192.168.0.60', os.name: 'Windows 7', os.arch: 'amd64', os.version: '6.1', java.version: '1.8.0_221'
Driver info: driver.version: RemoteWebDriver]]>
            </message>
            <full-stacktrace>
              <![CDATA[org.openqa.selenium.NoSuchElementException: Cannot locate an element using xpath=//*[@id="search"]/div[1]/div[2]/div/span[4]/div[1]/div[1]/div/span/div/div/div/div/div[2]/div[1]/div
For documentation on this error, please visit: https://www.seleniumhq.org/exceptions/no_such_element.html
Build info: version: '3.141.59', revision: 'e82be7d358', time: '2018-11-14T08:17:03'
System info: host: 'BLT060', ip: '192.168.0.60', os.name: 'Windows 7', os.arch: 'amd64', os.version: '6.1', java.version: '1.8.0_221'
Driver info: driver.version: RemoteWebDriver
at org.openqa.selenium.remote.RemoteWebDriver.findElement(RemoteWebDriver.java:327)
at org.openqa.selenium.remote.RemoteWebDriver.findElementByXPath(RemoteWebDriver.java:428)
at org.openqa.selenium.By$ByXPath.findElement(By.java:353)
at org.openqa.selenium.remote.RemoteWebDriver.findElement(RemoteWebDriver.java:315)
at Com.Pages.ProductDetails.details_product(ProductDetails.java:18)
at Com.TestCases.ProductTestCase.product(ProductTestCase.java:21)
at sun.reflect.NativeMethodAccessorImpl.invoke0(Native Method)
at sun.reflect.NativeMethodAccessorImpl.invoke(Unknown Source)
at sun.reflect.DelegatingMethodAccessorImpl.invoke(Unknown Source)
at java.lang.reflect.Method.invoke(Unknown Source)
at org.testng.internal.MethodInvocationHelper.invokeMethod(MethodInvocationHelper.java:124)
at org.testng.internal.Invoker.invokeMethod(Invoker.java:583)
at org.testng.internal.Invoker.invokeTestMethod(Invoker.java:719)
at org.testng.internal.Invoker.invokeTestMethods(Invoker.java:989)
at org.testng.internal.TestMethodWorker.invokeTestMethods(TestMethodWorker.java:125)
at org.testng.internal.TestMethodWorker.run(TestMethodWorker.java:109)
at java.util.concurrent.ThreadPoolExecutor.runWorker(Unknown Source)
at java.util.concurrent.ThreadPoolExecutor$Worker.run(Unknown Source)
at java.lang.Thread.run(Unknown Source)
]]>
            </full-stacktrace>
          </exception> <!-- org.openqa.selenium.NoSuchElementException -->
          <reporter-output>
          </reporter-output>
        </test-method> <!-- product -->
        <test-method status="FAIL" signature="close()[pri:0, instance:Com.TestCases.ProductTestCase@a38d7a3]" name="close" is-config="true" duration-ms="13" started-at="2020-03-05T09:12:27Z" finished-at="2020-03-05T09:12:27Z">
          <exception class="java.lang.StackOverflowError">
            <full-stacktrace>
              <![CDATA[java.lang.StackOverflowError
at Com.TestCases.ProductTestCase.close(ProductTestCase.java:26)
at Com.TestCases.ProductTestCase.close(ProductTestCase.java:26)
at Com.TestCases.ProductTestCase.close(ProductTestCase.java:26)
at Com.TestCases.ProductTestCase.close(ProductTestCase.java:26)
at Com.TestCases.ProductTestCase.close(ProductTestCase.java:26)
at Com.TestCases.ProductTestCase.close(ProductTestCase.java:26)
at Com.TestCases.ProductTestCase.close(ProductTestCase.java:26)
at Com.TestCases.ProductTestCase.close(ProductTestCase.java:26)
at Com.TestCases.ProductTestCase.close(ProductTestCase.java:26)
at Com.TestCases.ProductTestCase.close(ProductTestCase.java:26)
at Com.TestCases.ProductTestCase.close(ProductTestCase.java:26)
at Com.TestCases.ProductTestCase.close(ProductTestCase.java:26)
at Com.TestCases.ProductTestCase.close(ProductTestCase.java:26)
at Com.TestCases.ProductTestCase.close(ProductTestCase.java:26)
at Com.TestCases.ProductTestCase.close(ProductTestCase.java:26)
at Com.TestCases.ProductTestCase.close(ProductTestCase.java:26)
at Com.TestCases.ProductTestCase.close(ProductTestCase.java:26)
at Com.TestCases.ProductTestCase.close(ProductTestCase.java:26)
at Com.TestCases.ProductTestCase.close(ProductTestCase.java:26)
at Com.TestCases.ProductTestCase.close(ProductTestCase.java:26)
at Com.TestCases.ProductTestCase.close(ProductTestCase.java:26)
at Com.TestCases.ProductTestCase.close(ProductTestCase.java:26)
at Com.TestCases.ProductTestCase.close(ProductTestCase.java:26)
at Com.TestCases.ProductTestCase.close(ProductTestCase.java:26)
at Com.TestCases.ProductTestCase.close(ProductTestCase.java:26)
at Com.TestCases.ProductTestCase.close(ProductTestCase.java:26)
at Com.TestCases.ProductTestCase.close(ProductTestCase.java:26)
at Com.TestCases.ProductTestCase.close(ProductTestCase.java:26)
at Com.TestCases.ProductTestCase.close(ProductTestCase.java:26)
at Com.TestCases.ProductTestCase.close(ProductTestCase.java:26)
at Com.TestCases.ProductTestCase.close(ProductTestCase.java:26)
at Com.TestCases.ProductTestCase.close(ProductTestCase.java:26)
at Com.TestCases.ProductTestCase.close(ProductTestCase.java:26)
at Com.TestCases.ProductTestCase.close(ProductTestCase.java:26)
at Com.TestCases.ProductTestCase.close(ProductTestCase.java:26)
at Com.TestCases.ProductTestCase.close(ProductTestCase.java:26)
at Com.TestCases.ProductTestCase.close(ProductTestCase.java:26)
at Com.TestCases.ProductTestCase.close(ProductTestCase.java:26)
at Com.TestCases.ProductTestCase.close(ProductTestCase.java:26)
at Com.TestCases.ProductTestCase.close(ProductTestCase.java:26)
at Com.TestCases.ProductTestCase.close(ProductTestCase.java:26)
at Com.TestCases.ProductTestCase.close(ProductTestCase.java:26)
at Com.TestCases.ProductTestCase.close(ProductTestCase.java:26)
at Com.TestCases.ProductTestCase.close(ProductTestCase.java:26)
at Com.TestCases.ProductTestCase.close(ProductTestCase.java:26)
at Com.TestCases.ProductTestCase.close(ProductTestCase.java:26)
at Com.TestCases.ProductTestCase.close(ProductTestCase.java:26)
at Com.TestCases.ProductTestCase.close(ProductTestCase.java:26)
at Com.TestCases.ProductTestCase.close(ProductTestCase.java:26)
at Com.TestCases.ProductTestCase.close(ProductTestCase.java:26)
at Com.TestCases.ProductTestCase.close(ProductTestCase.java:26)
at Com.TestCases.ProductTestCase.close(ProductTestCase.java:26)
at Com.TestCases.ProductTestCase.close(ProductTestCase.java:26)
at Com.TestCases.ProductTestCase.close(ProductTestCase.java:26)
at Com.TestCases.ProductTestCase.close(ProductTestCase.java:26)
at Com.TestCases.ProductTestCase.close(ProductTestCase.java:26)
at Com.TestCases.ProductTestCase.close(ProductTestCase.java:26)
at Com.TestCases.ProductTestCase.close(ProductTestCase.java:26)
at Com.TestCases.ProductTestCase.close(ProductTestCase.java:26)
at Com.TestCases.ProductTestCase.close(ProductTestCase.java:26)
at Com.TestCases.ProductTestCase.close(ProductTestCase.java:26)
at Com.TestCases.ProductTestCase.close(ProductTestCase.java:26)
at Com.TestCases.ProductTestCase.close(ProductTestCase.java:26)
at Com.TestCases.ProductTestCase.close(ProductTestCase.java:26)
at Com.TestCases.ProductTestCase.close(ProductTestCase.java:26)
at Com.TestCases.ProductTestCase.close(ProductTestCase.java:26)
at Com.TestCases.ProductTestCase.close(ProductTestCase.java:26)
at Com.TestCases.ProductTestCase.close(ProductTestCase.java:26)
at Com.TestCases.ProductTestCase.close(ProductTestCase.java:26)
at Com.TestCases.ProductTestCase.close(ProductTestCase.java:26)
at Com.TestCases.ProductTestCase.close(ProductTestCase.java:26)
at Com.TestCases.ProductTestCase.close(ProductTestCase.java:26)
at Com.TestCases.ProductTestCase.close(ProductTestCase.java:26)
at Com.TestCases.ProductTestCase.close(ProductTestCase.java:26)
at Com.TestCases.ProductTestCase.close(ProductTestCase.java:26)
at Com.TestCases.ProductTestCase.close(ProductTestCase.java:26)
at Com.TestCases.ProductTestCase.close(ProductTestCase.java:26)
at Com.TestCases.ProductTestCase.close(ProductTestCase.java:26)
at Com.TestCases.ProductTestCase.close(ProductTestCase.java:26)
at Com.TestCases.ProductTestCase.close(ProductTestCase.java:26)
at Com.TestCases.ProductTestCase.close(ProductTestCase.java:26)
at Com.TestCases.ProductTestCase.close(ProductTestCase.java:26)
at Com.TestCases.ProductTestCase.close(ProductTestCase.java:26)
at Com.TestCases.ProductTestCase.close(ProductTestCase.java:26)
at Com.TestCases.ProductTestCase.close(ProductTestCase.java:26)
at Com.TestCases.ProductTestCase.close(ProductTestCase.java:26)
at Com.TestCases.ProductTestCase.close(ProductTestCase.java:26)
at Com.TestCases.ProductTestCase.close(ProductTestCase.java:26)
at Com.TestCases.ProductTestCase.close(ProductTestCase.java:26)
at Com.TestCases.ProductTestCase.close(ProductTestCase.java:26)
at Com.TestCases.ProductTestCase.close(ProductTestCase.java:26)
at Com.TestCases.ProductTestCase.close(ProductTestCase.java:26)
at Com.TestCases.ProductTestCase.close(ProductTestCase.java:26)
at Com.TestCases.ProductTestCase.close(ProductTestCase.java:26)
at Com.TestCases.ProductTestCase.close(ProductTestCase.java:26)
at Com.TestCases.ProductTestCase.close(ProductTestCase.java:26)
at Com.TestCases.ProductTestCase.close(ProductTestCase.java:26)
at Com.TestCases.ProductTestCase.close(ProductTestCase.java:26)
at Com.TestCases.ProductTestCase.close(ProductTestCase.java:26)
at Com.TestCases.ProductTestCase.close(ProductTestCase.java:26)
at Com.TestCases.ProductTestCase.close(ProductTestCase.java:26)
at Com.TestCases.ProductTestCase.close(ProductTestCase.java:26)
at Com.TestCases.ProductTestCase.close(ProductTestCase.java:26)
at Com.TestCases.ProductTestCase.close(ProductTestCase.java:26)
at Com.TestCases.ProductTestCase.close(ProductTestCase.java:26)
at Com.TestCases.ProductTestCase.close(ProductTestCase.java:26)
at Com.TestCases.ProductTestCase.close(ProductTestCase.java:26)
at Com.TestCases.ProductTestCase.close(ProductTestCase.java:26)
at Com.TestCases.ProductTestCase.close(ProductTestCase.java:26)
at Com.TestCases.ProductTestCase.close(ProductTestCase.java:26)
at Com.TestCases.ProductTestCase.close(ProductTestCase.java:26)
at Com.TestCases.ProductTestCase.close(ProductTestCase.java:26)
at Com.TestCases.ProductTestCase.close(ProductTestCase.java:26)
at Com.TestCases.ProductTestCase.close(ProductTestCase.java:26)
at Com.TestCases.ProductTestCase.close(ProductTestCase.java:26)
at Com.TestCases.ProductTestCase.close(ProductTestCase.java:26)
at Com.TestCases.ProductTestCase.close(ProductTestCase.java:26)
at Com.TestCases.ProductTestCase.close(ProductTestCase.java:26)
at Com.TestCases.ProductTestCase.close(ProductTestCase.java:26)
at Com.TestCases.ProductTestCase.close(ProductTestCase.java:26)
at Com.TestCases.ProductTestCase.close(ProductTestCase.java:26)
at Com.TestCases.ProductTestCase.close(ProductTestCase.java:26)
at Com.TestCases.ProductTestCase.close(ProductTestCase.java:26)
at Com.TestCases.ProductTestCase.close(ProductTestCase.java:26)
at Com.TestCases.ProductTestCase.close(ProductTestCase.java:26)
at Com.TestCases.ProductTestCase.close(ProductTestCase.java:26)
at Com.TestCases.ProductTestCase.close(ProductTestCase.java:26)
at Com.TestCases.ProductTestCase.close(ProductTestCase.java:26)
at Com.TestCases.ProductTestCase.close(ProductTestCase.java:26)
at Com.TestCases.ProductTestCase.close(ProductTestCase.java:26)
at Com.TestCases.ProductTestCase.close(ProductTestCase.java:26)
at Com.TestCases.ProductTestCase.close(ProductTestCase.java:26)
at Com.TestCases.ProductTestCase.close(ProductTestCase.java:26)
at Com.TestCases.ProductTestCase.close(ProductTestCase.java:26)
at Com.TestCases.ProductTestCase.close(ProductTestCase.java:26)
at Com.TestCases.ProductTestCase.close(ProductTestCase.java:26)
at Com.TestCases.ProductTestCase.close(ProductTestCase.java:26)
at Com.TestCases.ProductTestCase.close(ProductTestCase.java:26)
at Com.TestCases.ProductTestCase.close(ProductTestCase.java:26)
at Com.TestCases.ProductTestCase.close(ProductTestCase.java:26)
at Com.TestCases.ProductTestCase.close(ProductTestCase.java:26)
at Com.TestCases.ProductTestCase.close(ProductTestCase.java:26)
at Com.TestCases.ProductTestCase.close(ProductTestCase.java:26)
at Com.TestCases.ProductTestCase.close(ProductTestCase.java:26)
at Com.TestCases.ProductTestCase.close(ProductTestCase.java:26)
at Com.TestCases.ProductTestCase.close(ProductTestCase.java:26)
at Com.TestCases.ProductTestCase.close(ProductTestCase.java:26)
at Com.TestCases.ProductTestCase.close(ProductTestCase.java:26)
at Com.TestCases.ProductTestCase.close(ProductTestCase.java:26)
at Com.TestCases.ProductTestCase.close(ProductTestCase.java:26)
at Com.TestCases.ProductTestCase.close(ProductTestCase.java:26)
at Com.TestCases.ProductTestCase.close(ProductTestCase.java:26)
at Com.TestCases.ProductTestCase.close(ProductTestCase.java:26)
at Com.TestCases.ProductTestCase.close(ProductTestCase.java:26)
at Com.TestCases.ProductTestCase.close(ProductTestCase.java:26)
at Com.TestCases.ProductTestCase.close(ProductTestCase.java:26)
at Com.TestCases.ProductTestCase.close(ProductTestCase.java:26)
at Com.TestCases.ProductTestCase.close(ProductTestCase.java:26)
at Com.TestCases.ProductTestCase.close(ProductTestCase.java:26)
at Com.TestCases.ProductTestCase.close(ProductTestCase.java:26)
at Com.TestCases.ProductTestCase.close(ProductTestCase.java:26)
at Com.TestCases.ProductTestCase.close(ProductTestCase.java:26)
at Com.TestCases.ProductTestCase.close(ProductTestCase.java:26)
at Com.TestCases.ProductTestCase.close(ProductTestCase.java:26)
at Com.TestCases.ProductTestCase.close(ProductTestCase.java:26)
at Com.TestCases.ProductTestCase.close(ProductTestCase.java:26)
at Com.TestCases.ProductTestCase.close(ProductTestCase.java:26)
at Com.TestCases.ProductTestCase.close(ProductTestCase.java:26)
at Com.TestCases.ProductTestCase.close(ProductTestCase.java:26)
at Com.TestCases.ProductTestCase.close(ProductTestCase.java:26)
at Com.TestCases.ProductTestCase.close(ProductTestCase.java:26)
at Com.TestCases.ProductTestCase.close(ProductTestCase.java:26)
at Com.TestCases.ProductTestCase.close(ProductTestCase.java:26)
at Com.TestCases.ProductTestCase.close(ProductTestCase.java:26)
at Com.TestCases.ProductTestCase.close(ProductTestCase.java:26)
at Com.TestCases.ProductTestCase.close(ProductTestCase.java:26)
at Com.TestCases.ProductTestCase.close(ProductTestCase.java:26)
at Com.TestCases.ProductTestCase.close(ProductTestCase.java:26)
at Com.TestCases.ProductTestCase.close(ProductTestCase.java:26)
at Com.TestCases.ProductTestCase.close(ProductTestCase.java:26)
at Com.TestCases.ProductTestCase.close(ProductTestCase.java:26)
at Com.TestCases.ProductTestCase.close(ProductTestCase.java:26)
at Com.TestCases.ProductTestCase.close(ProductTestCase.java:26)
at Com.TestCases.ProductTestCase.close(ProductTestCase.java:26)
at Com.TestCases.ProductTestCase.close(ProductTestCase.java:26)
at Com.TestCases.ProductTestCase.close(ProductTestCase.java:26)
at Com.TestCases.ProductTestCase.close(ProductTestCase.java:26)
at Com.TestCases.ProductTestCase.close(ProductTestCase.java:26)
at Com.TestCases.ProductTestCase.close(ProductTestCase.java:26)
at Com.TestCases.ProductTestCase.close(ProductTestCase.java:26)
at Com.TestCases.ProductTestCase.close(ProductTestCase.java:26)
at Com.TestCases.ProductTestCase.close(ProductTestCase.java:26)
at Com.TestCases.ProductTestCase.close(ProductTestCase.java:26)
at Com.TestCases.ProductTestCase.close(ProductTestCase.java:26)
at Com.TestCases.ProductTestCase.close(ProductTestCase.java:26)
at Com.TestCases.ProductTestCase.close(ProductTestCase.java:26)
at Com.TestCases.ProductTestCase.close(ProductTestCase.java:26)
at Com.TestCases.ProductTestCase.close(ProductTestCase.java:26)
at Com.TestCases.ProductTestCase.close(ProductTestCase.java:26)
at Com.TestCases.ProductTestCase.close(ProductTestCase.java:26)
at Com.TestCases.ProductTestCase.close(ProductTestCase.java:26)
at Com.TestCases.ProductTestCase.close(ProductTestCase.java:26)
at Com.TestCases.ProductTestCase.close(ProductTestCase.java:26)
at Com.TestCases.ProductTestCase.close(ProductTestCase.java:26)
at Com.TestCases.ProductTestCase.close(ProductTestCase.java:26)
at Com.TestCases.ProductTestCase.close(ProductTestCase.java:26)
at Com.TestCases.ProductTestCase.close(ProductTestCase.java:26)
at Com.TestCases.ProductTestCase.close(ProductTestCase.java:26)
at Com.TestCases.ProductTestCase.close(ProductTestCase.java:26)
at Com.TestCases.ProductTestCase.close(ProductTestCase.java:26)
at Com.TestCases.ProductTestCase.close(ProductTestCase.java:26)
at Com.TestCases.ProductTestCase.close(ProductTestCase.java:26)
at Com.TestCases.ProductTestCase.close(ProductTestCase.java:26)
at Com.TestCases.ProductTestCase.close(ProductTestCase.java:26)
at Com.TestCases.ProductTestCase.close(ProductTestCase.java:26)
at Com.TestCases.ProductTestCase.close(ProductTestCase.java:26)
at Com.TestCases.ProductTestCase.close(ProductTestCase.java:26)
at Com.TestCases.ProductTestCase.close(ProductTestCase.java:26)
at Com.TestCases.ProductTestCase.close(ProductTestCase.java:26)
at Com.TestCases.ProductTestCase.close(ProductTestCase.java:26)
at Com.TestCases.ProductTestCase.close(ProductTestCase.java:26)
at Com.TestCases.ProductTestCase.close(ProductTestCase.java:26)
at Com.TestCases.ProductTestCase.close(ProductTestCase.java:26)
at Com.TestCases.ProductTestCase.close(ProductTestCase.java:26)
at Com.TestCases.ProductTestCase.close(ProductTestCase.java:26)
at Com.TestCases.ProductTestCase.close(ProductTestCase.java:26)
at Com.TestCases.ProductTestCase.close(ProductTestCase.java:26)
at Com.TestCases.ProductTestCase.close(ProductTestCase.java:26)
at Com.TestCases.ProductTestCase.close(ProductTestCase.java:26)
at Com.TestCases.ProductTestCase.close(ProductTestCase.java:26)
at Com.TestCases.ProductTestCase.close(ProductTestCase.java:26)
at Com.TestCases.ProductTestCase.close(ProductTestCase.java:26)
at Com.TestCases.ProductTestCase.close(ProductTestCase.java:26)
at Com.TestCases.ProductTestCase.close(ProductTestCase.java:26)
at Com.TestCases.ProductTestCase.close(ProductTestCase.java:26)
at Com.TestCases.ProductTestCase.close(ProductTestCase.java:26)
at Com.TestCases.ProductTestCase.close(ProductTestCase.java:26)
at Com.TestCases.ProductTestCase.close(ProductTestCase.java:26)
at Com.TestCases.ProductTestCase.close(ProductTestCase.java:26)
at Com.TestCases.ProductTestCase.close(ProductTestCase.java:26)
at Com.TestCases.ProductTestCase.close(ProductTestCase.java:26)
at Com.TestCases.ProductTestCase.close(ProductTestCase.java:26)
at Com.TestCases.ProductTestCase.close(ProductTestCase.java:26)
at Com.TestCases.ProductTestCase.close(ProductTestCase.java:26)
at Com.TestCases.ProductTestCase.close(ProductTestCase.java:26)
at Com.TestCases.ProductTestCase.close(ProductTestCase.java:26)
at Com.TestCases.ProductTestCase.close(ProductTestCase.java:26)
at Com.TestCases.ProductTestCase.close(ProductTestCase.java:26)
at Com.TestCases.ProductTestCase.close(ProductTestCase.java:26)
at Com.TestCases.ProductTestCase.close(ProductTestCase.java:26)
at Com.TestCases.ProductTestCase.close(ProductTestCase.java:26)
at Com.TestCases.ProductTestCase.close(ProductTestCase.java:26)
at Com.TestCases.ProductTestCase.close(ProductTestCase.java:26)
at Com.TestCases.ProductTestCase.close(ProductTestCase.java:26)
at Com.TestCases.ProductTestCase.close(ProductTestCase.java:26)
at Com.TestCases.ProductTestCase.close(ProductTestCase.java:26)
at Com.TestCases.ProductTestCase.close(ProductTestCase.java:26)
at Com.TestCases.ProductTestCase.close(ProductTestCase.java:26)
at Com.TestCases.ProductTestCase.close(ProductTestCase.java:26)
at Com.TestCases.ProductTestCase.close(ProductTestCase.java:26)
at Com.TestCases.ProductTestCase.close(ProductTestCase.java:26)
at Com.TestCases.ProductTestCase.close(ProductTestCase.java:26)
at Com.TestCases.ProductTestCase.close(ProductTestCase.java:26)
at Com.TestCases.ProductTestCase.close(ProductTestCase.java:26)
at Com.TestCases.ProductTestCase.close(ProductTestCase.java:26)
at Com.TestCases.ProductTestCase.close(ProductTestCase.java:26)
at Com.TestCases.ProductTestCase.close(ProductTestCase.java:26)
at Com.TestCases.ProductTestCase.close(ProductTestCase.java:26)
at Com.TestCases.ProductTestCase.close(ProductTestCase.java:26)
at Com.TestCases.ProductTestCase.close(ProductTestCase.java:26)
at Com.TestCases.ProductTestCase.close(ProductTestCase.java:26)
at Com.TestCases.ProductTestCase.close(ProductTestCase.java:26)
at Com.TestCases.ProductTestCase.close(ProductTestCase.java:26)
at Com.TestCases.ProductTestCase.close(ProductTestCase.java:26)
at Com.TestCases.ProductTestCase.close(ProductTestCase.java:26)
at Com.TestCases.ProductTestCase.close(ProductTestCase.java:26)
at Com.TestCases.ProductTestCase.close(ProductTestCase.java:26)
at Com.TestCases.ProductTestCase.close(ProductTestCase.java:26)
at Com.TestCases.ProductTestCase.close(ProductTestCase.java:26)
at Com.TestCases.ProductTestCase.close(ProductTestCase.java:26)
at Com.TestCases.ProductTestCase.close(ProductTestCase.java:26)
at Com.TestCases.ProductTestCase.close(ProductTestCase.java:26)
at Com.TestCases.ProductTestCase.close(ProductTestCase.java:26)
at Com.TestCases.ProductTestCase.close(ProductTestCase.java:26)
at Com.TestCases.ProductTestCase.close(ProductTestCase.java:26)
at Com.TestCases.ProductTestCase.close(ProductTestCase.java:26)
at Com.TestCases.ProductTestCase.close(ProductTestCase.java:26)
at Com.TestCases.ProductTestCase.close(ProductTestCase.java:26)
at Com.TestCases.ProductTestCase.close(ProductTestCase.java:26)
at Com.TestCases.ProductTestCase.close(ProductTestCase.java:26)
at Com.TestCases.ProductTestCase.close(ProductTestCase.java:26)
at Com.TestCases.ProductTestCase.close(ProductTestCase.java:26)
at Com.TestCases.ProductTestCase.close(ProductTestCase.java:26)
at Com.TestCases.ProductTestCase.close(ProductTestCase.java:26)
at Com.TestCases.ProductTestCase.close(ProductTestCase.java:26)
at Com.TestCases.ProductTestCase.close(ProductTestCase.java:26)
at Com.TestCases.ProductTestCase.close(ProductTestCase.java:26)
at Com.TestCases.ProductTestCase.close(ProductTestCase.java:26)
at Com.TestCases.ProductTestCase.close(ProductTestCase.java:26)
at Com.TestCases.ProductTestCase.close(ProductTestCase.java:26)
at Com.TestCases.ProductTestCase.close(ProductTestCase.java:26)
at Com.TestCases.ProductTestCase.close(ProductTestCase.java:26)
at Com.TestCases.ProductTestCase.close(ProductTestCase.java:26)
at Com.TestCases.ProductTestCase.close(ProductTestCase.java:26)
at Com.TestCases.ProductTestCase.close(ProductTestCase.java:26)
at Com.TestCases.ProductTestCase.close(ProductTestCase.java:26)
at Com.TestCases.ProductTestCase.close(ProductTestCase.java:26)
at Com.TestCases.ProductTestCase.close(ProductTestCase.java:26)
at Com.TestCases.ProductTestCase.close(ProductTestCase.java:26)
at Com.TestCases.ProductTestCase.close(ProductTestCase.java:26)
at Com.TestCases.ProductTestCase.close(ProductTestCase.java:26)
at Com.TestCases.ProductTestCase.close(ProductTestCase.java:26)
at Com.TestCases.ProductTestCase.close(ProductTestCase.java:26)
at Com.TestCases.ProductTestCase.close(ProductTestCase.java:26)
at Com.TestCases.ProductTestCase.close(ProductTestCase.java:26)
at Com.TestCases.ProductTestCase.close(ProductTestCase.java:26)
at Com.TestCases.ProductTestCase.close(ProductTestCase.java:26)
at Com.TestCases.ProductTestCase.close(ProductTestCase.java:26)
at Com.TestCases.ProductTestCase.close(ProductTestCase.java:26)
at Com.TestCases.ProductTestCase.close(ProductTestCase.java:26)
at Com.TestCases.ProductTestCase.close(ProductTestCase.java:26)
at Com.TestCases.ProductTestCase.close(ProductTestCase.java:26)
at Com.TestCases.ProductTestCase.close(ProductTestCase.java:26)
at Com.TestCases.ProductTestCase.close(ProductTestCase.java:26)
at Com.TestCases.ProductTestCase.close(ProductTestCase.java:26)
at Com.TestCases.ProductTestCase.close(ProductTestCase.java:26)
at Com.TestCases.ProductTestCase.close(ProductTestCase.java:26)
at Com.TestCases.ProductTestCase.close(ProductTestCase.java:26)
at Com.TestCases.ProductTestCase.close(ProductTestCase.java:26)
at Com.TestCases.ProductTestCase.close(ProductTestCase.java:26)
at Com.TestCases.ProductTestCase.close(ProductTestCase.java:26)
at Com.TestCases.ProductTestCase.close(ProductTestCase.java:26)
at Com.TestCases.ProductTestCase.close(ProductTestCase.java:26)
at Com.TestCases.ProductTestCase.close(ProductTestCase.java:26)
at Com.TestCases.ProductTestCase.close(ProductTestCase.java:26)
at Com.TestCases.ProductTestCase.close(ProductTestCase.java:26)
at Com.TestCases.ProductTestCase.close(ProductTestCase.java:26)
at Com.TestCases.ProductTestCase.close(ProductTestCase.java:26)
at Com.TestCases.ProductTestCase.close(ProductTestCase.java:26)
at Com.TestCases.ProductTestCase.close(ProductTestCase.java:26)
at Com.TestCases.ProductTestCase.close(ProductTestCase.java:26)
at Com.TestCases.ProductTestCase.close(ProductTestCase.java:26)
at Com.TestCases.ProductTestCase.close(ProductTestCase.java:26)
at Com.TestCases.ProductTestCase.close(ProductTestCase.java:26)
at Com.TestCases.ProductTestCase.close(ProductTestCase.java:26)
at Com.TestCases.ProductTestCase.close(ProductTestCase.java:26)
at Com.TestCases.ProductTestCase.close(ProductTestCase.java:26)
at Com.TestCases.ProductTestCase.close(ProductTestCase.java:26)
at Com.TestCases.ProductTestCase.close(ProductTestCase.java:26)
at Com.TestCases.ProductTestCase.close(ProductTestCase.java:26)
at Com.TestCases.ProductTestCase.close(ProductTestCase.java:26)
at Com.TestCases.ProductTestCase.close(ProductTestCase.java:26)
at Com.TestCases.ProductTestCase.close(ProductTestCase.java:26)
at Com.TestCases.ProductTestCase.close(ProductTestCase.java:26)
at Com.TestCases.ProductTestCase.close(ProductTestCase.java:26)
at Com.TestCases.ProductTestCase.close(ProductTestCase.java:26)
at Com.TestCases.ProductTestCase.close(ProductTestCase.java:26)
at Com.TestCases.ProductTestCase.close(ProductTestCase.java:26)
at Com.TestCases.ProductTestCase.close(ProductTestCase.java:26)
at Com.TestCases.ProductTestCase.close(ProductTestCase.java:26)
at Com.TestCases.ProductTestCase.close(ProductTestCase.java:26)
at Com.TestCases.ProductTestCase.close(ProductTestCase.java:26)
at Com.TestCases.ProductTestCase.close(ProductTestCase.java:26)
at Com.TestCases.ProductTestCase.close(ProductTestCase.java:26)
at Com.TestCases.ProductTestCase.close(ProductTestCase.java:26)
at Com.TestCases.ProductTestCase.close(ProductTestCase.java:26)
at Com.TestCases.ProductTestCase.close(ProductTestCase.java:26)
at Com.TestCases.ProductTestCase.close(ProductTestCase.java:26)
at Com.TestCases.ProductTestCase.close(ProductTestCase.java:26)
at Com.TestCases.ProductTestCase.close(ProductTestCase.java:26)
at Com.TestCases.ProductTestCase.close(ProductTestCase.java:26)
at Com.TestCases.ProductTestCase.close(ProductTestCase.java:26)
at Com.TestCases.ProductTestCase.close(ProductTestCase.java:26)
at Com.TestCases.ProductTestCase.close(ProductTestCase.java:26)
at Com.TestCases.ProductTestCase.close(ProductTestCase.java:26)
at Com.TestCases.ProductTestCase.close(ProductTestCase.java:26)
at Com.TestCases.ProductTestCase.close(ProductTestCase.java:26)
at Com.TestCases.ProductTestCase.close(ProductTestCase.java:26)
at Com.TestCases.ProductTestCase.close(ProductTestCase.java:26)
at Com.TestCases.ProductTestCase.close(ProductTestCase.java:26)
at Com.TestCases.ProductTestCase.close(ProductTestCase.java:26)
at Com.TestCases.ProductTestCase.close(ProductTestCase.java:26)
at Com.TestCases.ProductTestCase.close(ProductTestCase.java:26)
at Com.TestCases.ProductTestCase.close(ProductTestCase.java:26)
at Com.TestCases.ProductTestCase.close(ProductTestCase.java:26)
at Com.TestCases.ProductTestCase.close(ProductTestCase.java:26)
at Com.TestCases.ProductTestCase.close(ProductTestCase.java:26)
at Com.TestCases.ProductTestCase.close(ProductTestCase.java:26)
at Com.TestCases.ProductTestCase.close(ProductTestCase.java:26)
at Com.TestCases.ProductTestCase.close(ProductTestCase.java:26)
at Com.TestCases.ProductTestCase.close(ProductTestCase.java:26)
at Com.TestCases.ProductTestCase.close(ProductTestCase.java:26)
at Com.TestCases.ProductTestCase.close(ProductTestCase.java:26)
at Com.TestCases.ProductTestCase.close(ProductTestCase.java:26)
at Com.TestCases.ProductTestCase.close(ProductTestCase.java:26)
at Com.TestCases.ProductTestCase.close(ProductTestCase.java:26)
at Com.TestCases.ProductTestCase.close(ProductTestCase.java:26)
at Com.TestCases.ProductTestCase.close(ProductTestCase.java:26)
at Com.TestCases.ProductTestCase.close(ProductTestCase.java:26)
at Com.TestCases.ProductTestCase.close(ProductTestCase.java:26)
at Com.TestCases.ProductTestCase.close(ProductTestCase.java:26)
at Com.TestCases.ProductTestCase.close(ProductTestCase.java:26)
at Com.TestCases.ProductTestCase.close(ProductTestCase.java:26)
at Com.TestCases.ProductTestCase.close(ProductTestCase.java:26)
at Com.TestCases.ProductTestCase.close(ProductTestCase.java:26)
at Com.TestCases.ProductTestCase.close(ProductTestCase.java:26)
at Com.TestCases.ProductTestCase.close(ProductTestCase.java:26)
at Com.TestCases.ProductTestCase.close(ProductTestCase.java:26)
at Com.TestCases.ProductTestCase.close(ProductTestCase.java:26)
at Com.TestCases.ProductTestCase.close(ProductTestCase.java:26)
at Com.TestCases.ProductTestCase.close(ProductTestCase.java:26)
at Com.TestCases.ProductTestCase.close(ProductTestCase.java:26)
at Com.TestCases.ProductTestCase.close(ProductTestCase.java:26)
at Com.TestCases.ProductTestCase.close(ProductTestCase.java:26)
at Com.TestCases.ProductTestCase.close(ProductTestCase.java:26)
at Com.TestCases.ProductTestCase.close(ProductTestCase.java:26)
at Com.TestCases.ProductTestCase.close(ProductTestCase.java:26)
at Com.TestCases.ProductTestCase.close(ProductTestCase.java:26)
at Com.TestCases.ProductTestCase.close(ProductTestCase.java:26)
at Com.TestCases.ProductTestCase.close(ProductTestCase.java:26)
at Com.TestCases.ProductTestCase.close(ProductTestCase.java:26)
at Com.TestCases.ProductTestCase.close(ProductTestCase.java:26)
at Com.TestCases.ProductTestCase.close(ProductTestCase.java:26)
at Com.TestCases.ProductTestCase.close(ProductTestCase.java:26)
at Com.TestCases.ProductTestCase.close(ProductTestCase.java:26)
at Com.TestCases.ProductTestCase.close(ProductTestCase.java:26)
at Com.TestCases.ProductTestCase.close(ProductTestCase.java:26)
at Com.TestCases.ProductTestCase.close(ProductTestCase.java:26)
at Com.TestCases.ProductTestCase.close(ProductTestCase.java:26)
at Com.TestCases.ProductTestCase.close(ProductTestCase.java:26)
at Com.TestCases.ProductTestCase.close(ProductTestCase.java:26)
at Com.TestCases.ProductTestCase.close(ProductTestCase.java:26)
at Com.TestCases.ProductTestCase.close(ProductTestCase.java:26)
at Com.TestCases.ProductTestCase.close(ProductTestCase.java:26)
at Com.TestCases.ProductTestCase.close(ProductTestCase.java:26)
at Com.TestCases.ProductTestCase.close(ProductTestCase.java:26)
at Com.TestCases.ProductTestCase.close(ProductTestCase.java:26)
at Com.TestCases.ProductTestCase.close(ProductTestCase.java:26)
at Com.TestCases.ProductTestCase.close(ProductTestCase.java:26)
at Com.TestCases.ProductTestCase.close(ProductTestCase.java:26)
at Com.TestCases.ProductTestCase.close(ProductTestCase.java:26)
at Com.TestCases.ProductTestCase.close(ProductTestCase.java:26)
at Com.TestCases.ProductTestCase.close(ProductTestCase.java:26)
at Com.TestCases.ProductTestCase.close(ProductTestCase.java:26)
at Com.TestCases.ProductTestCase.close(ProductTestCase.java:26)
at Com.TestCases.ProductTestCase.close(ProductTestCase.java:26)
at Com.TestCases.ProductTestCase.close(ProductTestCase.java:26)
at Com.TestCases.ProductTestCase.close(ProductTestCase.java:26)
at Com.TestCases.ProductTestCase.close(ProductTestCase.java:26)
at Com.TestCases.ProductTestCase.close(ProductTestCase.java:26)
at Com.TestCases.ProductTestCase.close(ProductTestCase.java:26)
at Com.TestCases.ProductTestCase.close(ProductTestCase.java:26)
at Com.TestCases.ProductTestCase.close(ProductTestCase.java:26)
at Com.TestCases.ProductTestCase.close(ProductTestCase.java:26)
at Com.TestCases.ProductTestCase.close(ProductTestCase.java:26)
at Com.TestCases.ProductTestCase.close(ProductTestCase.java:26)
at Com.TestCases.ProductTestCase.close(ProductTestCase.java:26)
at Com.TestCases.ProductTestCase.close(ProductTestCase.java:26)
at Com.TestCases.ProductTestCase.close(ProductTestCase.java:26)
at Com.TestCases.ProductTestCase.close(ProductTestCase.java:26)
at Com.TestCases.ProductTestCase.close(ProductTestCase.java:26)
at Com.TestCases.ProductTestCase.close(ProductTestCase.java:26)
at Com.TestCases.ProductTestCase.close(ProductTestCase.java:26)
at Com.TestCases.ProductTestCase.close(ProductTestCase.java:26)
at Com.TestCases.ProductTestCase.close(ProductTestCase.java:26)
at Com.TestCases.ProductTestCase.close(ProductTestCase.java:26)
at Com.TestCases.ProductTestCase.close(ProductTestCase.java:26)
at Com.TestCases.ProductTestCase.close(ProductTestCase.java:26)
at Com.TestCases.ProductTestCase.close(ProductTestCase.java:26)
at Com.TestCases.ProductTestCase.close(ProductTestCase.java:26)
at Com.TestCases.ProductTestCase.close(ProductTestCase.java:26)
at Com.TestCases.ProductTestCase.close(ProductTestCase.java:26)
at Com.TestCases.ProductTestCase.close(ProductTestCase.java:26)
at Com.TestCases.ProductTestCase.close(ProductTestCase.java:26)
at Com.TestCases.ProductTestCase.close(ProductTestCase.java:26)
at Com.TestCases.ProductTestCase.close(ProductTestCase.java:26)
at Com.TestCases.ProductTestCase.close(ProductTestCase.java:26)
at Com.TestCases.ProductTestCase.close(ProductTestCase.java:26)
at Com.TestCases.ProductTestCase.close(ProductTestCase.java:26)
at Com.TestCases.ProductTestCase.close(ProductTestCase.java:26)
at Com.TestCases.ProductTestCase.close(ProductTestCase.java:26)
at Com.TestCases.ProductTestCase.close(ProductTestCase.java:26)
at Com.TestCases.ProductTestCase.close(ProductTestCase.java:26)
at Com.TestCases.ProductTestCase.close(ProductTestCase.java:26)
at Com.TestCases.ProductTestCase.close(ProductTestCase.java:26)
at Com.TestCases.ProductTestCase.close(ProductTestCase.java:26)
at Com.TestCases.ProductTestCase.close(ProductTestCase.java:26)
at Com.TestCases.ProductTestCase.close(ProductTestCase.java:26)
at Com.TestCases.ProductTestCase.close(ProductTestCase.java:26)
at Com.TestCases.ProductTestCase.close(ProductTestCase.java:26)
at Com.TestCases.ProductTestCase.close(ProductTestCase.java:26)
at Com.TestCases.ProductTestCase.close(ProductTestCase.java:26)
at Com.TestCases.ProductTestCase.close(ProductTestCase.java:26)
at Com.TestCases.ProductTestCase.close(ProductTestCase.java:26)
at Com.TestCases.ProductTestCase.close(ProductTestCase.java:26)
at Com.TestCases.ProductTestCase.close(ProductTestCase.java:26)
at Com.TestCases.ProductTestCase.close(ProductTestCase.java:26)
at Com.TestCases.ProductTestCase.close(ProductTestCase.java:26)
at Com.TestCases.ProductTestCase.close(ProductTestCase.java:26)
at Com.TestCases.ProductTestCase.close(ProductTestCase.java:26)
at Com.TestCases.ProductTestCase.close(ProductTestCase.java:26)
at Com.TestCases.ProductTestCase.close(ProductTestCase.java:26)
at Com.TestCases.ProductTestCase.close(ProductTestCase.java:26)
at Com.TestCases.ProductTestCase.close(ProductTestCase.java:26)
at Com.TestCases.ProductTestCase.close(ProductTestCase.java:26)
at Com.TestCases.ProductTestCase.close(ProductTestCase.java:26)
at Com.TestCases.ProductTestCase.close(ProductTestCase.java:26)
at Com.TestCases.ProductTestCase.close(ProductTestCase.java:26)
at Com.TestCases.ProductTestCase.close(ProductTestCase.java:26)
at Com.TestCases.ProductTestCase.close(ProductTestCase.java:26)
at Com.TestCases.ProductTestCase.close(ProductTestCase.java:26)
at Com.TestCases.ProductTestCase.close(ProductTestCase.java:26)
at Com.TestCases.ProductTestCase.close(ProductTestCase.java:26)
at Com.TestCases.ProductTestCase.close(ProductTestCase.java:26)
at Com.TestCases.ProductTestCase.close(ProductTestCase.java:26)
at Com.TestCases.ProductTestCase.close(ProductTestCase.java:26)
at Com.TestCases.ProductTestCase.close(ProductTestCase.java:26)
at Com.TestCases.ProductTestCase.close(ProductTestCase.java:26)
at Com.TestCases.ProductTestCase.close(ProductTestCase.java:26)
at Com.TestCases.ProductTestCase.close(ProductTestCase.java:26)
at Com.TestCases.ProductTestCase.close(ProductTestCase.java:26)
at Com.TestCases.ProductTestCase.close(ProductTestCase.java:26)
at Com.TestCases.ProductTestCase.close(ProductTestCase.java:26)
at Com.TestCases.ProductTestCase.close(ProductTestCase.java:26)
at Com.TestCases.ProductTestCase.close(ProductTestCase.java:26)
at Com.TestCases.ProductTestCase.close(ProductTestCase.java:26)
at Com.TestCases.ProductTestCase.close(ProductTestCase.java:26)
at Com.TestCases.ProductTestCase.close(ProductTestCase.java:26)
at Com.TestCases.ProductTestCase.close(ProductTestCase.java:26)
at Com.TestCases.ProductTestCase.close(ProductTestCase.java:26)
at Com.TestCases.ProductTestCase.close(ProductTestCase.java:26)
at Com.TestCases.ProductTestCase.close(ProductTestCase.java:26)
at Com.TestCases.ProductTestCase.close(ProductTestCase.java:26)
at Com.TestCases.ProductTestCase.close(ProductTestCase.java:26)
at Com.TestCases.ProductTestCase.close(ProductTestCase.java:26)
at Com.TestCases.ProductTestCase.close(ProductTestCase.java:26)
at Com.TestCases.ProductTestCase.close(ProductTestCase.java:26)
at Com.TestCases.ProductTestCase.close(ProductTestCase.java:26)
at Com.TestCases.ProductTestCase.close(ProductTestCase.java:26)
at Com.TestCases.ProductTestCase.close(ProductTestCase.java:26)
at Com.TestCases.ProductTestCase.close(ProductTestCase.java:26)
at Com.TestCases.ProductTestCase.close(ProductTestCase.java:26)
at Com.TestCases.ProductTestCase.close(ProductTestCase.java:26)
at Com.TestCases.ProductTestCase.close(ProductTestCase.java:26)
at Com.TestCases.ProductTestCase.close(ProductTestCase.java:26)
at Com.TestCases.ProductTestCase.close(ProductTestCase.java:26)
at Com.TestCases.ProductTestCase.close(ProductTestCase.java:26)
at Com.TestCases.ProductTestCase.close(ProductTestCase.java:26)
at Com.TestCases.ProductTestCase.close(ProductTestCase.java:26)
at Com.TestCases.ProductTestCase.close(ProductTestCase.java:26)
at Com.TestCases.ProductTestCase.close(ProductTestCase.java:26)
at Com.TestCases.ProductTestCase.close(ProductTestCase.java:26)
at Com.TestCases.ProductTestCase.close(ProductTestCase.java:26)
at Com.TestCases.ProductTestCase.close(ProductTestCase.java:26)
at Com.TestCases.ProductTestCase.close(ProductTestCase.java:26)
at Com.TestCases.ProductTestCase.close(ProductTestCase.java:26)
at Com.TestCases.ProductTestCase.close(ProductTestCase.java:26)
at Com.TestCases.ProductTestCase.close(ProductTestCase.java:26)
at Com.TestCases.ProductTestCase.close(ProductTestCase.java:26)
at Com.TestCases.ProductTestCase.close(ProductTestCase.java:26)
at Com.TestCases.ProductTestCase.close(ProductTestCase.java:26)
at Com.TestCases.ProductTestCase.close(ProductTestCase.java:26)
at Com.TestCases.ProductTestCase.close(ProductTestCase.java:26)
at Com.TestCases.ProductTestCase.close(ProductTestCase.java:26)
at Com.TestCases.ProductTestCase.close(ProductTestCase.java:26)
at Com.TestCases.ProductTestCase.close(ProductTestCase.java:26)
at Com.TestCases.ProductTestCase.close(ProductTestCase.java:26)
at Com.TestCases.ProductTestCase.close(ProductTestCase.java:26)
at Com.TestCases.ProductTestCase.close(ProductTestCase.java:26)
at Com.TestCases.ProductTestCase.close(ProductTestCase.java:26)
at Com.TestCases.ProductTestCase.close(ProductTestCase.java:26)
at Com.TestCases.ProductTestCase.close(ProductTestCase.java:26)
at Com.TestCases.ProductTestCase.close(ProductTestCase.java:26)
at Com.TestCases.ProductTestCase.close(ProductTestCase.java:26)
at Com.TestCases.ProductTestCase.close(ProductTestCase.java:26)
at Com.TestCases.ProductTestCase.close(ProductTestCase.java:26)
at Com.TestCases.ProductTestCase.close(ProductTestCase.java:26)
at Com.TestCases.ProductTestCase.close(ProductTestCase.java:26)
at Com.TestCases.ProductTestCase.close(ProductTestCase.java:26)
at Com.TestCases.ProductTestCase.close(ProductTestCase.java:26)
at Com.TestCases.ProductTestCase.close(ProductTestCase.java:26)
at Com.TestCases.ProductTestCase.close(ProductTestCase.java:26)
at Com.TestCases.ProductTestCase.close(ProductTestCase.java:26)
at Com.TestCases.ProductTestCase.close(ProductTestCase.java:26)
at Com.TestCases.ProductTestCase.close(ProductTestCase.java:26)
at Com.TestCases.ProductTestCase.close(ProductTestCase.java:26)
at Com.TestCases.ProductTestCase.close(ProductTestCase.java:26)
at Com.TestCases.ProductTestCase.close(ProductTestCase.java:26)
at Com.TestCases.ProductTestCase.close(ProductTestCase.java:26)
at Com.TestCases.ProductTestCase.close(ProductTestCase.java:26)
at Com.TestCases.ProductTestCase.close(ProductTestCase.java:26)
at Com.TestCases.ProductTestCase.close(ProductTestCase.java:26)
at Com.TestCases.ProductTestCase.close(ProductTestCase.java:26)
at Com.TestCases.ProductTestCase.close(ProductTestCase.java:26)
at Com.TestCases.ProductTestCase.close(ProductTestCase.java:26)
at Com.TestCases.ProductTestCase.close(ProductTestCase.java:26)
at Com.TestCases.ProductTestCase.close(ProductTestCase.java:26)
at Com.TestCases.ProductTestCase.close(ProductTestCase.java:26)
at Com.TestCases.ProductTestCase.close(ProductTestCase.java:26)
at Com.TestCases.ProductTestCase.close(ProductTestCase.java:26)
at Com.TestCases.ProductTestCase.close(ProductTestCase.java:26)
at Com.TestCases.ProductTestCase.close(ProductTestCase.java:26)
at Com.TestCases.ProductTestCase.close(ProductTestCase.java:26)
at Com.TestCases.ProductTestCase.close(ProductTestCase.java:26)
at Com.TestCases.ProductTestCase.close(ProductTestCase.java:26)
at Com.TestCases.ProductTestCase.close(ProductTestCase.java:26)
at Com.TestCases.ProductTestCase.close(ProductTestCase.java:26)
at Com.TestCases.ProductTestCase.close(ProductTestCase.java:26)
at Com.TestCases.ProductTestCase.close(ProductTestCase.java:26)
at Com.TestCases.ProductTestCase.close(ProductTestCase.java:26)
at Com.TestCases.ProductTestCase.close(ProductTestCase.java:26)
at Com.TestCases.ProductTestCase.close(ProductTestCase.java:26)
at Com.TestCases.ProductTestCase.close(ProductTestCase.java:26)
at Com.TestCases.ProductTestCase.close(ProductTestCase.java:26)
at Com.TestCases.ProductTestCase.close(ProductTestCase.java:26)
at Com.TestCases.ProductTestCase.close(ProductTestCase.java:26)
at Com.TestCases.ProductTestCase.close(ProductTestCase.java:26)
at Com.TestCases.ProductTestCase.close(ProductTestCase.java:26)
at Com.TestCases.ProductTestCase.close(ProductTestCase.java:26)
at Com.TestCases.ProductTestCase.close(ProductTestCase.java:26)
at Com.TestCases.ProductTestCase.close(ProductTestCase.java:26)
at Com.TestCases.ProductTestCase.close(ProductTestCase.java:26)
at Com.TestCases.ProductTestCase.close(ProductTestCase.java:26)
at Com.TestCases.ProductTestCase.close(ProductTestCase.java:26)
at Com.TestCases.ProductTestCase.close(ProductTestCase.java:26)
at Com.TestCases.ProductTestCase.close(ProductTestCase.java:26)
at Com.TestCases.ProductTestCase.close(ProductTestCase.java:26)
at Com.TestCases.ProductTestCase.close(ProductTestCase.java:26)
at Com.TestCases.ProductTestCase.close(ProductTestCase.java:26)
at Com.TestCases.ProductTestCase.close(ProductTestCase.java:26)
at Com.TestCases.ProductTestCase.close(ProductTestCase.java:26)
at Com.TestCases.ProductTestCase.close(ProductTestCase.java:26)
at Com.TestCases.ProductTestCase.close(ProductTestCase.java:26)
at Com.TestCases.ProductTestCase.close(ProductTestCase.java:26)
at Com.TestCases.ProductTestCase.close(ProductTestCase.java:26)
at Com.TestCases.ProductTestCase.close(ProductTestCase.java:26)
at Com.TestCases.ProductTestCase.close(ProductTestCase.java:26)
at Com.TestCases.ProductTestCase.close(ProductTestCase.java:26)
at Com.TestCases.ProductTestCase.close(ProductTestCase.java:26)
at Com.TestCases.ProductTestCase.close(ProductTestCase.java:26)
at Com.TestCases.ProductTestCase.close(ProductTestCase.java:26)
at Com.TestCases.ProductTestCase.close(ProductTestCase.java:26)
at Com.TestCases.ProductTestCase.close(ProductTestCase.java:26)
at Com.TestCases.ProductTestCase.close(ProductTestCase.java:26)
at Com.TestCases.ProductTestCase.close(ProductTestCase.java:26)
at Com.TestCases.ProductTestCase.close(ProductTestCase.java:26)
at Com.TestCases.ProductTestCase.close(ProductTestCase.java:26)
at Com.TestCases.ProductTestCase.close(ProductTestCase.java:26)
at Com.TestCases.ProductTestCase.close(ProductTestCase.java:26)
at Com.TestCases.ProductTestCase.close(ProductTestCase.java:26)
at Com.TestCases.ProductTestCase.close(ProductTestCase.java:26)
at Com.TestCases.ProductTestCase.close(ProductTestCase.java:26)
at Com.TestCases.ProductTestCase.close(ProductTestCase.java:26)
at Com.TestCases.ProductTestCase.close(ProductTestCase.java:26)
at Com.TestCases.ProductTestCase.close(ProductTestCase.java:26)
at Com.TestCases.ProductTestCase.close(ProductTestCase.java:26)
at Com.TestCases.ProductTestCase.close(ProductTestCase.java:26)
at Com.TestCases.ProductTestCase.close(ProductTestCase.java:26)
at Com.TestCases.ProductTestCase.close(ProductTestCase.java:26)
at Com.TestCases.ProductTestCase.close(ProductTestCase.java:26)
at Com.TestCases.ProductTestCase.close(ProductTestCase.java:26)
at Com.TestCases.ProductTestCase.close(ProductTestCase.java:26)
at Com.TestCases.ProductTestCase.close(ProductTestCase.java:26)
at Com.TestCases.ProductTestCase.close(ProductTestCase.java:26)
at Com.TestCases.ProductTestCase.close(ProductTestCase.java:26)
at Com.TestCases.ProductTestCase.close(ProductTestCase.java:26)
at Com.TestCases.ProductTestCase.close(ProductTestCase.java:26)
at Com.TestCases.ProductTestCase.close(ProductTestCase.java:26)
at Com.TestCases.ProductTestCase.close(ProductTestCase.java:26)
at Com.TestCases.ProductTestCase.close(ProductTestCase.java:26)
at Com.TestCases.ProductTestCase.close(ProductTestCase.java:26)
at Com.TestCases.ProductTestCase.close(ProductTestCase.java:26)
at Com.TestCases.ProductTestCase.close(ProductTestCase.java:26)
at Com.TestCases.ProductTestCase.close(ProductTestCase.java:26)
at Com.TestCases.ProductTestCase.close(ProductTestCase.java:26)
at Com.TestCases.ProductTestCase.close(ProductTestCase.java:26)
at Com.TestCases.ProductTestCase.close(ProductTestCase.java:26)
at Com.TestCases.ProductTestCase.close(ProductTestCase.java:26)
at Com.TestCases.ProductTestCase.close(ProductTestCase.java:26)
at Com.TestCases.ProductTestCase.close(ProductTestCase.java:26)
at Com.TestCases.ProductTestCase.close(ProductTestCase.java:26)
at Com.TestCases.ProductTestCase.close(ProductTestCase.java:26)
at Com.TestCases.ProductTestCase.close(ProductTestCase.java:26)
at Com.TestCases.ProductTestCase.close(ProductTestCase.java:26)
at Com.TestCases.ProductTestCase.close(ProductTestCase.java:26)
at Com.TestCases.ProductTestCase.close(ProductTestCase.java:26)
at Com.TestCases.ProductTestCase.close(ProductTestCase.java:26)
at Com.TestCases.ProductTestCase.close(ProductTestCase.java:26)
at Com.TestCases.ProductTestCase.close(ProductTestCase.java:26)
at Com.TestCases.ProductTestCase.close(ProductTestCase.java:26)
at Com.TestCases.ProductTestCase.close(ProductTestCase.java:26)
at Com.TestCases.ProductTestCase.close(ProductTestCase.java:26)
at Com.TestCases.ProductTestCase.close(ProductTestCase.java:26)
at Com.TestCases.ProductTestCase.close(ProductTestCase.java:26)
at Com.TestCases.ProductTestCase.close(ProductTestCase.java:26)
at Com.TestCases.ProductTestCase.close(ProductTestCase.java:26)
at Com.TestCases.ProductTestCase.close(ProductTestCase.java:26)
at Com.TestCases.ProductTestCase.close(ProductTestCase.java:26)
at Com.TestCases.ProductTestCase.close(ProductTestCase.java:26)
at Com.TestCases.ProductTestCase.close(ProductTestCase.java:26)
at Com.TestCases.ProductTestCase.close(ProductTestCase.java:26)
at Com.TestCases.ProductTestCase.close(ProductTestCase.java:26)
at Com.TestCases.ProductTestCase.close(ProductTestCase.java:26)
at Com.TestCases.ProductTestCase.close(ProductTestCase.java:26)
at Com.TestCases.ProductTestCase.close(ProductTestCase.java:26)
at Com.TestCases.ProductTestCase.close(ProductTestCase.java:26)
at Com.TestCases.ProductTestCase.close(ProductTestCase.java:26)
at Com.TestCases.ProductTestCase.close(ProductTestCase.java:26)
at Com.TestCases.ProductTestCase.close(ProductTestCase.java:26)
at Com.TestCases.ProductTestCase.close(ProductTestCase.java:26)
at Com.TestCases.ProductTestCase.close(ProductTestCase.java:26)
at Com.TestCases.ProductTestCase.close(ProductTestCase.java:26)
at Com.TestCases.ProductTestCase.close(ProductTestCase.java:26)
at Com.TestCases.ProductTestCase.close(ProductTestCase.java:26)
at Com.TestCases.ProductTestCase.close(ProductTestCase.java:26)
at Com.TestCases.ProductTestCase.close(ProductTestCase.java:26)
at Com.TestCases.ProductTestCase.close(ProductTestCase.java:26)
at Com.TestCases.ProductTestCase.close(ProductTestCase.java:26)
at Com.TestCases.ProductTestCase.close(ProductTestCase.java:26)
at Com.TestCases.ProductTestCase.close(ProductTestCase.java:26)
at Com.TestCases.ProductTestCase.close(ProductTestCase.java:26)
at Com.TestCases.ProductTestCase.close(ProductTestCase.java:26)
at Com.TestCases.ProductTestCase.close(ProductTestCase.java:26)
at Com.TestCases.ProductTestCase.close(ProductTestCase.java:26)
at Com.TestCases.ProductTestCase.close(ProductTestCase.java:26)
at Com.TestCases.ProductTestCase.close(ProductTestCase.java:26)
at Com.TestCases.ProductTestCase.close(ProductTestCase.java:26)
at Com.TestCases.ProductTestCase.close(ProductTestCase.java:26)
at Com.TestCases.ProductTestCase.close(ProductTestCase.java:26)
at Com.TestCases.ProductTestCase.close(ProductTestCase.java:26)
at Com.TestCases.ProductTestCase.close(ProductTestCase.java:26)
at Com.TestCases.ProductTestCase.close(ProductTestCase.java:26)
at Com.TestCases.ProductTestCase.close(ProductTestCase.java:26)
at Com.TestCases.ProductTestCase.close(ProductTestCase.java:26)
at Com.TestCases.ProductTestCase.close(ProductTestCase.java:26)
at Com.TestCases.ProductTestCase.close(ProductTestCase.java:26)
at Com.TestCases.ProductTestCase.close(ProductTestCase.java:26)
at Com.TestCases.ProductTestCase.close(ProductTestCase.java:26)
at Com.TestCases.ProductTestCase.close(ProductTestCase.java:26)
at Com.TestCases.ProductTestCase.close(ProductTestCase.java:26)
at Com.TestCases.ProductTestCase.close(ProductTestCase.java:26)
at Com.TestCases.ProductTestCase.close(ProductTestCase.java:26)
at Com.TestCases.ProductTestCase.close(ProductTestCase.java:26)
at Com.TestCases.ProductTestCase.close(ProductTestCase.java:26)
at Com.TestCases.ProductTestCase.close(ProductTestCase.java:26)
at Com.TestCases.ProductTestCase.close(ProductTestCase.java:26)
at Com.TestCases.ProductTestCase.close(ProductTestCase.java:26)
at Com.TestCases.ProductTestCase.close(ProductTestCase.java:26)
at Com.TestCases.ProductTestCase.close(ProductTestCase.java:26)
at Com.TestCases.ProductTestCase.close(ProductTestCase.java:26)
at Com.TestCases.ProductTestCase.close(ProductTestCase.java:26)
at Com.TestCases.ProductTestCase.close(ProductTestCase.java:26)
at Com.TestCases.ProductTestCase.close(ProductTestCase.java:26)
at Com.TestCases.ProductTestCase.close(ProductTestCase.java:26)
at Com.TestCases.ProductTestCase.close(ProductTestCase.java:26)
at Com.TestCases.ProductTestCase.close(ProductTestCase.java:26)
at Com.TestCases.ProductTestCase.close(ProductTestCase.java:26)
at Com.TestCases.ProductTestCase.close(ProductTestCase.java:26)
at Com.TestCases.ProductTestCase.close(ProductTestCase.java:26)
at Com.TestCases.ProductTestCase.close(ProductTestCase.java:26)
at Com.TestCases.ProductTestCase.close(ProductTestCase.java:26)
at Com.TestCases.ProductTestCase.close(ProductTestCase.java:26)
at Com.TestCases.ProductTestCase.close(ProductTestCase.java:26)
at Com.TestCases.ProductTestCase.close(ProductTestCase.java:26)
at Com.TestCases.ProductTestCase.close(ProductTestCase.java:26)
at Com.TestCases.ProductTestCase.close(ProductTestCase.java:26)
at Com.TestCases.ProductTestCase.close(ProductTestCase.java:26)
at Com.TestCases.ProductTestCase.close(ProductTestCase.java:26)
at Com.TestCases.ProductTestCase.close(ProductTestCase.java:26)
at Com.TestCases.ProductTestCase.close(ProductTestCase.java:26)
at Com.TestCases.ProductTestCase.close(ProductTestCase.java:26)
at Com.TestCases.ProductTestCase.close(ProductTestCase.java:26)
at Com.TestCases.ProductTestCase.close(ProductTestCase.java:26)
at Com.TestCases.ProductTestCase.close(ProductTestCase.java:26)
at Com.TestCases.ProductTestCase.close(ProductTestCase.java:26)
at Com.TestCases.ProductTestCase.close(ProductTestCase.java:26)
at Com.TestCases.ProductTestCase.close(ProductTestCase.java:26)
at Com.TestCases.ProductTestCase.close(ProductTestCase.java:26)
at Com.TestCases.ProductTestCase.close(ProductTestCase.java:26)
at Com.TestCases.ProductTestCase.close(ProductTestCase.java:26)
at Com.TestCases.ProductTestCase.close(ProductTestCase.java:26)
at Com.TestCases.ProductTestCase.close(ProductTestCase.java:26)
at Com.TestCases.ProductTestCase.close(ProductTestCase.java:26)
at Com.TestCases.ProductTestCase.close(ProductTestCase.java:26)
at Com.TestCases.ProductTestCase.close(ProductTestCase.java:26)
at Com.TestCases.ProductTestCase.close(ProductTestCase.java:26)
at Com.TestCases.ProductTestCase.close(ProductTestCase.java:26)
at Com.TestCases.ProductTestCase.close(ProductTestCase.java:26)
at Com.TestCases.ProductTestCase.close(ProductTestCase.java:26)
at Com.TestCases.ProductTestCase.close(ProductTestCase.java:26)
at Com.TestCases.ProductTestCase.close(ProductTestCase.java:26)
at Com.TestCases.ProductTestCase.close(ProductTestCase.java:26)
at Com.TestCases.ProductTestCase.close(ProductTestCase.java:26)
at Com.TestCases.ProductTestCase.close(ProductTestCase.java:26)
at Com.TestCases.ProductTestCase.close(ProductTestCase.java:26)
at Com.TestCases.ProductTestCase.close(ProductTestCase.java:26)
at Com.TestCases.ProductTestCase.close(ProductTestCase.java:26)
at Com.TestCases.ProductTestCase.close(ProductTestCase.java:26)
at Com.TestCases.ProductTestCase.close(ProductTestCase.java:26)
at Com.TestCases.ProductTestCase.close(ProductTestCase.java:26)
at Com.TestCases.ProductTestCase.close(ProductTestCase.java:26)
at Com.TestCases.ProductTestCase.close(ProductTestCase.java:26)
at Com.TestCases.ProductTestCase.close(ProductTestCase.java:26)
at Com.TestCases.ProductTestCase.close(ProductTestCase.java:26)
at Com.TestCases.ProductTestCase.close(ProductTestCase.java:26)
at Com.TestCases.ProductTestCase.close(ProductTestCase.java:26)
at Com.TestCases.ProductTestCase.close(ProductTestCase.java:26)
at Com.TestCases.ProductTestCase.close(ProductTestCase.java:26)
at Com.TestCases.ProductTestCase.close(ProductTestCase.java:26)
at Com.TestCases.ProductTestCase.close(ProductTestCase.java:26)
at Com.TestCases.ProductTestCase.close(ProductTestCase.java:26)
at Com.TestCases.ProductTestCase.close(ProductTestCase.java:26)
at Com.TestCases.ProductTestCase.close(ProductTestCase.java:26)
at Com.TestCases.ProductTestCase.close(ProductTestCase.java:26)
at Com.TestCases.ProductTestCase.close(ProductTestCase.java:26)
at Com.TestCases.ProductTestCase.close(ProductTestCase.java:26)
at Com.TestCases.ProductTestCase.close(ProductTestCase.java:26)
at Com.TestCases.ProductTestCase.close(ProductTestCase.java:26)
at Com.TestCases.ProductTestCase.close(ProductTestCase.java:26)
at Com.TestCases.ProductTestCase.close(ProductTestCase.java:26)
at Com.TestCases.ProductTestCase.close(ProductTestCase.java:26)
at Com.TestCases.ProductTestCase.close(ProductTestCase.java:26)
at Com.TestCases.ProductTestCase.close(ProductTestCase.java:26)
at Com.TestCases.ProductTestCase.close(ProductTestCase.java:26)
at Com.TestCases.ProductTestCase.close(ProductTestCase.java:26)
at Com.TestCases.ProductTestCase.close(ProductTestCase.java:26)
at Com.TestCases.ProductTestCase.close(ProductTestCase.java:26)
at Com.TestCases.ProductTestCase.close(ProductTestCase.java:26)
at Com.TestCases.ProductTestCase.close(ProductTestCase.java:26)
at Com.TestCases.ProductTestCase.close(ProductTestCase.java:26)
at Com.TestCases.ProductTestCase.close(ProductTestCase.java:26)
at Com.TestCases.ProductTestCase.close(ProductTestCase.java:26)
at Com.TestCases.ProductTestCase.close(ProductTestCase.java:26)
at Com.TestCases.ProductTestCase.close(ProductTestCase.java:26)
at Com.TestCases.ProductTestCase.close(ProductTestCase.java:26)
at Com.TestCases.ProductTestCase.close(ProductTestCase.java:26)
at Com.TestCases.ProductTestCase.close(ProductTestCase.java:26)
at Com.TestCases.ProductTestCase.close(ProductTestCase.java:26)
at Com.TestCases.ProductTestCase.close(ProductTestCase.java:26)
at Com.TestCases.ProductTestCase.close(ProductTestCase.java:26)
at Com.TestCases.ProductTestCase.close(ProductTestCase.java:26)
at Com.TestCases.ProductTestCase.close(ProductTestCase.java:26)
at Com.TestCases.ProductTestCase.close(ProductTestCase.java:26)
at Com.TestCases.ProductTestCase.close(ProductTestCase.java:26)
at Com.TestCases.ProductTestCase.close(ProductTestCase.java:26)
at Com.TestCases.ProductTestCase.close(ProductTestCase.java:26)
at Com.TestCases.ProductTestCase.close(ProductTestCase.java:26)
at Com.TestCases.ProductTestCase.close(ProductTestCase.java:26)
at Com.TestCases.ProductTestCase.close(ProductTestCase.java:26)
at Com.TestCases.ProductTestCase.close(ProductTestCase.java:26)
at Com.TestCases.ProductTestCase.close(ProductTestCase.java:26)
at Com.TestCases.ProductTestCase.close(ProductTestCase.java:26)
at Com.TestCases.ProductTestCase.close(ProductTestCase.java:26)
at Com.TestCases.ProductTestCase.close(ProductTestCase.java:26)
at Com.TestCases.ProductTestCase.close(ProductTestCase.java:26)
at Com.TestCases.ProductTestCase.close(ProductTestCase.java:26)
at Com.TestCases.ProductTestCase.close(ProductTestCase.java:26)
at Com.TestCases.ProductTestCase.close(ProductTestCase.java:26)
at Com.TestCases.ProductTestCase.close(ProductTestCase.java:26)
at Com.TestCases.ProductTestCase.close(ProductTestCase.java:26)
at Com.TestCases.ProductTestCase.close(ProductTestCase.java:26)
at Com.TestCases.ProductTestCase.close(ProductTestCase.java:26)
at Com.TestCases.ProductTestCase.close(ProductTestCase.java:26)
at Com.TestCases.ProductTestCase.close(ProductTestCase.java:26)
at Com.TestCases.ProductTestCase.close(ProductTestCase.java:26)
at Com.TestCases.ProductTestCase.close(ProductTestCase.java:26)
at Com.TestCases.ProductTestCase.close(ProductTestCase.java:26)
at Com.TestCases.ProductTestCase.close(ProductTestCase.java:26)
at Com.TestCases.ProductTestCase.close(ProductTestCase.java:26)
at Com.TestCases.ProductTestCase.close(ProductTestCase.java:26)
at Com.TestCases.ProductTestCase.close(ProductTestCase.java:26)
at Com.TestCases.ProductTestCase.close(ProductTestCase.java:26)
at Com.TestCases.ProductTestCase.close(ProductTestCase.java:26)
at Com.TestCases.ProductTestCase.close(ProductTestCase.java:26)
at Com.TestCases.ProductTestCase.close(ProductTestCase.java:26)
at Com.TestCases.ProductTestCase.close(ProductTestCase.java:26)
at Com.TestCases.ProductTestCase.close(ProductTestCase.java:26)
at Com.TestCases.ProductTestCase.close(ProductTestCase.java:26)
at Com.TestCases.ProductTestCase.close(ProductTestCase.java:26)
at Com.TestCases.ProductTestCase.close(ProductTestCase.java:26)
at Com.TestCases.ProductTestCase.close(ProductTestCase.java:26)
at Com.TestCases.ProductTestCase.close(ProductTestCase.java:26)
at Com.TestCases.ProductTestCase.close(ProductTestCase.java:26)
at Com.TestCases.ProductTestCase.close(ProductTestCase.java:26)
at Com.TestCases.ProductTestCase.close(ProductTestCase.java:26)
at Com.TestCases.ProductTestCase.close(ProductTestCase.java:26)
at Com.TestCases.ProductTestCase.close(ProductTestCase.java:26)
at Com.TestCases.ProductTestCase.close(ProductTestCase.java:26)
at Com.TestCases.ProductTestCase.close(ProductTestCase.java:26)
at Com.TestCases.ProductTestCase.close(ProductTestCase.java:26)
at Com.TestCases.ProductTestCase.close(ProductTestCase.java:26)
at Com.TestCases.ProductTestCase.close(ProductTestCase.java:26)
at Com.TestCases.ProductTestCase.close(ProductTestCase.java:26)
at Com.TestCases.ProductTestCase.close(ProductTestCase.java:26)
at Com.TestCases.ProductTestCase.close(ProductTestCase.java:26)
at Com.TestCases.ProductTestCase.close(ProductTestCase.java:26)
at Com.TestCases.ProductTestCase.close(ProductTestCase.java:26)
at Com.TestCases.ProductTestCase.close(ProductTestCase.java:26)
at Com.TestCases.ProductTestCase.close(ProductTestCase.java:26)
at Com.TestCases.ProductTestCase.close(ProductTestCase.java:26)
at Com.TestCases.ProductTestCase.close(ProductTestCase.java:26)
at Com.TestCases.ProductTestCase.close(ProductTestCase.java:26)
at Com.TestCases.ProductTestCase.close(ProductTestCase.java:26)
at Com.TestCases.ProductTestCase.close(ProductTestCase.java:26)
at Com.TestCases.ProductTestCase.close(ProductTestCase.java:26)
at Com.TestCases.ProductTestCase.close(ProductTestCase.java:26)
at Com.TestCases.ProductTestCase.close(ProductTestCase.java:26)
at Com.TestCases.ProductTestCase.close(ProductTestCase.java:26)
at Com.TestCases.ProductTestCase.close(ProductTestCase.java:26)
at Com.TestCases.ProductTestCase.close(ProductTestCase.java:26)
at Com.TestCases.ProductTestCase.close(ProductTestCase.java:26)
at Com.TestCases.ProductTestCase.close(ProductTestCase.java:26)
at Com.TestCases.ProductTestCase.close(ProductTestCase.java:26)
at Com.TestCases.ProductTestCase.close(ProductTestCase.java:26)
at Com.TestCases.ProductTestCase.close(ProductTestCase.java:26)
at Com.TestCases.ProductTestCase.close(ProductTestCase.java:26)
at Com.TestCases.ProductTestCase.close(ProductTestCase.java:26)
at Com.TestCases.ProductTestCase.close(ProductTestCase.java:26)
at Com.TestCases.ProductTestCase.close(ProductTestCase.java:26)
at Com.TestCases.ProductTestCase.close(ProductTestCase.java:26)
at Com.TestCases.ProductTestCase.close(ProductTestCase.java:26)
at Com.TestCases.ProductTestCase.close(ProductTestCase.java:26)
at Com.TestCases.ProductTestCase.close(ProductTestCase.java:26)
at Com.TestCases.ProductTestCase.close(ProductTestCase.java:26)
at Com.TestCases.ProductTestCase.close(ProductTestCase.java:26)
at Com.TestCases.ProductTestCase.close(ProductTestCase.java:26)
at Com.TestCases.ProductTestCase.close(ProductTestCase.java:26)
at Com.TestCases.ProductTestCase.close(ProductTestCase.java:26)
at Com.TestCases.ProductTestCase.close(ProductTestCase.java:26)
at Com.TestCases.ProductTestCase.close(ProductTestCase.java:26)
at Com.TestCases.ProductTestCase.close(ProductTestCase.java:26)
at Com.TestCases.ProductTestCase.close(ProductTestCase.java:26)
at Com.TestCases.ProductTestCase.close(ProductTestCase.java:26)
at Com.TestCases.ProductTestCase.close(ProductTestCase.java:26)
at Com.TestCases.ProductTestCase.close(ProductTestCase.java:26)
at Com.TestCases.ProductTestCase.close(ProductTestCase.java:26)
at Com.TestCases.ProductTestCase.close(ProductTestCase.java:26)
at Com.TestCases.ProductTestCase.close(ProductTestCase.java:26)
at Com.TestCases.ProductTestCase.close(ProductTestCase.java:26)
at Com.TestCases.ProductTestCase.close(ProductTestCase.java:26)
at Com.TestCases.ProductTestCase.close(ProductTestCase.java:26)
at Com.TestCases.ProductTestCase.close(ProductTestCase.java:26)
at Com.TestCases.ProductTestCase.close(ProductTestCase.java:26)
at Com.TestCases.ProductTestCase.close(ProductTestCase.java:26)
at Com.TestCases.ProductTestCase.close(ProductTestCase.java:26)
at Com.TestCases.ProductTestCase.close(ProductTestCase.java:26)
at Com.TestCases.ProductTestCase.close(ProductTestCase.java:26)
at Com.TestCases.ProductTestCase.close(ProductTestCase.java:26)
at Com.TestCases.ProductTestCase.close(ProductTestCase.java:26)
at Com.TestCases.ProductTestCase.close(ProductTestCase.java:26)
at Com.TestCases.ProductTestCase.close(ProductTestCase.java:26)
at Com.TestCases.ProductTestCase.close(ProductTestCase.java:26)
at Com.TestCases.ProductTestCase.close(ProductTestCase.java:26)
at Com.TestCases.ProductTestCase.close(ProductTestCase.java:26)
at Com.TestCases.ProductTestCase.close(ProductTestCase.java:26)
at Com.TestCases.ProductTestCase.close(ProductTestCase.java:26)
at Com.TestCases.ProductTestCase.close(ProductTestCase.java:26)
at Com.TestCases.ProductTestCase.close(ProductTestCase.java:26)
at Com.TestCases.ProductTestCase.close(ProductTestCase.java:26)
at Com.TestCases.ProductTestCase.close(ProductTestCase.java:26)
at Com.TestCases.ProductTestCase.close(ProductTestCase.java:26)
at Com.TestCases.ProductTestCase.close(ProductTestCase.java:26)
at Com.TestCases.ProductTestCase.close(ProductTestCase.java:26)
at Com.TestCases.ProductTestCase.close(ProductTestCase.java:26)
at Com.TestCases.ProductTestCase.close(ProductTestCase.java:26)
at Com.TestCases.ProductTestCase.close(ProductTestCase.java:26)
at Com.TestCases.ProductTestCase.close(ProductTestCase.java:26)
at Com.TestCases.ProductTestCase.close(ProductTestCase.java:26)
at Com.TestCases.ProductTestCase.close(ProductTestCase.java:26)
at Com.TestCases.ProductTestCase.close(ProductTestCase.java:26)
at Com.TestCases.ProductTestCase.close(ProductTestCase.java:26)
at Com.TestCases.ProductTestCase.close(ProductTestCase.java:26)
at Com.TestCases.ProductTestCase.close(ProductTestCase.java:26)
at Com.TestCases.ProductTestCase.close(ProductTestCase.java:26)
at Com.TestCases.ProductTestCase.close(ProductTestCase.java:26)
at Com.TestCases.ProductTestCase.close(ProductTestCase.java:26)
at Com.TestCases.ProductTestCase.close(ProductTestCase.java:26)
at Com.TestCases.ProductTestCase.close(ProductTestCase.java:26)
at Com.TestCases.ProductTestCase.close(ProductTestCase.java:26)
at Com.TestCases.ProductTestCase.close(ProductTestCase.java:26)
at Com.TestCases.ProductTestCase.close(ProductTestCase.java:26)
at Com.TestCases.ProductTestCase.close(ProductTestCase.java:26)
at Com.TestCases.ProductTestCase.close(ProductTestCase.java:26)
at Com.TestCases.ProductTestCase.close(ProductTestCase.java:26)
at Com.TestCases.ProductTestCase.close(ProductTestCase.java:26)
at Com.TestCases.ProductTestCase.close(ProductTestCase.java:26)
at Com.TestCases.ProductTestCase.close(ProductTestCase.java:26)
at Com.TestCases.ProductTestCase.close(ProductTestCase.java:26)
at Com.TestCases.ProductTestCase.close(ProductTestCase.java:26)
at Com.TestCases.ProductTestCase.close(ProductTestCase.java:26)
at Com.TestCases.ProductTestCase.close(ProductTestCase.java:26)
at Com.TestCases.ProductTestCase.close(ProductTestCase.java:26)
at Com.TestCases.ProductTestCase.close(ProductTestCase.java:26)
at Com.TestCases.ProductTestCase.close(ProductTestCase.java:26)
at Com.TestCases.ProductTestCase.close(ProductTestCase.java:26)
at Com.TestCases.ProductTestCase.close(ProductTestCase.java:26)
at Com.TestCases.ProductTestCase.close(ProductTestCase.java:26)
at Com.TestCases.ProductTestCase.close(ProductTestCase.java:26)
at Com.TestCases.ProductTestCase.close(ProductTestCase.java:26)
at Com.TestCases.ProductTestCase.close(ProductTestCase.java:26)
at Com.TestCases.ProductTestCase.close(ProductTestCase.java:26)
at Com.TestCases.ProductTestCase.close(ProductTestCase.java:26)
at Com.TestCases.ProductTestCase.close(ProductTestCase.java:26)
at Com.TestCases.ProductTestCase.close(ProductTestCase.java:26)
at Com.TestCases.ProductTestCase.close(ProductTestCase.java:26)
at Com.TestCases.ProductTestCase.close(ProductTestCase.java:26)
at Com.TestCases.ProductTestCase.close(ProductTestCase.java:26)
at Com.TestCases.ProductTestCase.close(ProductTestCase.java:26)
at Com.TestCases.ProductTestCase.close(ProductTestCase.java:26)
at Com.TestCases.ProductTestCase.close(ProductTestCase.java:26)
at Com.TestCases.ProductTestCase.close(ProductTestCase.java:26)
at Com.TestCases.ProductTestCase.close(ProductTestCase.java:26)
at Com.TestCases.ProductTestCase.close(ProductTestCase.java:26)
at Com.TestCases.ProductTestCase.close(ProductTestCase.java:26)
at Com.TestCases.ProductTestCase.close(ProductTestCase.java:26)
at Com.TestCases.ProductTestCase.close(ProductTestCase.java:26)
at Com.TestCases.ProductTestCase.close(ProductTestCase.java:26)
at Com.TestCases.ProductTestCase.close(ProductTestCase.java:26)
at Com.TestCases.ProductTestCase.close(ProductTestCase.java:26)
at Com.TestCases.ProductTestCase.close(ProductTestCase.java:26)
at Com.TestCases.ProductTestCase.close(ProductTestCase.java:26)
at Com.TestCases.ProductTestCase.close(ProductTestCase.java:26)
at Com.TestCases.ProductTestCase.close(ProductTestCase.java:26)
at Com.TestCases.ProductTestCase.close(ProductTestCase.java:26)
]]>
            </full-stacktrace>
          </exception> <!-- java.lang.StackOverflowError -->
          <reporter-output>
          </reporter-output>
        </test-method> <!-- close -->
      </class> <!-- Com.TestCases.ProductTestCase -->
    </test> <!-- Test -->
  </suite> <!-- Suite -->
</testng-results>
